{"/Users/jessepiascik/projects/imdone-projects/imdone-core/lib/adapters/date-time.js":{"path":"/Users/jessepiascik/projects/imdone-projects/imdone-core/lib/adapters/date-time.js","statementMap":{"0":{"start":{"line":1,"column":15},"end":{"line":1,"column":32}},"1":{"start":{"line":2,"column":17},"end":{"line":2,"column":22}},"2":{"start":{"line":5,"column":2},"end":{"line":5,"column":21}},"3":{"start":{"line":9,"column":21},"end":{"line":9,"column":33}},"4":{"start":{"line":10,"column":2},"end":{"line":13,"column":3}},"5":{"start":{"line":11,"column":19},"end":{"line":11,"column":41}},"6":{"start":{"line":12,"column":4},"end":{"line":12,"column":38}},"7":{"start":{"line":14,"column":2},"end":{"line":14,"column":29}},"8":{"start":{"line":17,"column":0},"end":{"line":20,"column":1}}},"fnMap":{"0":{"name":"setNoDST","decl":{"start":{"line":4,"column":9},"end":{"line":4,"column":17}},"loc":{"start":{"line":4,"column":25},"end":{"line":6,"column":1}},"line":4},"1":{"name":"getIsoDateWithOffset","decl":{"start":{"line":8,"column":9},"end":{"line":8,"column":29}},"loc":{"start":{"line":8,"column":37},"end":{"line":15,"column":1}},"line":8}},"branchMap":{"0":{"loc":{"start":{"line":10,"column":2},"end":{"line":13,"column":3}},"type":"if","locations":[{"start":{"line":10,"column":2},"end":{"line":13,"column":3}},{"start":{"line":10,"column":2},"end":{"line":13,"column":3}}],"line":10},"1":{"loc":{"start":{"line":10,"column":6},"end":{"line":10,"column":38}},"type":"binary-expr","locations":[{"start":{"line":10,"column":6},"end":{"line":10,"column":24}},{"start":{"line":10,"column":28},"end":{"line":10,"column":38}}],"line":10}},"s":{"0":1,"1":1,"2":2,"3":1012,"4":1012,"5":1,"6":1,"7":1012,"8":1},"f":{"0":2,"1":1012},"b":{"0":[1,1011],"1":[1012,2]},"_coverageSchema":"1a1c01bbd47fc00a2c39e90264f33305004495a9","hash":"3f2b20423aff56f71c7b40d0bb8bd9d04a8f904a","contentHash":"3d63fa7be8fca057a909541e68f45ac08ddd1c5d7d000a7a02610251aeaf96a5"},"/Users/jessepiascik/projects/imdone-projects/imdone-core/lib/adapters/markdown.js":{"path":"/Users/jessepiascik/projects/imdone-projects/imdone-core/lib/adapters/markdown.js","statementMap":{"0":{"start":{"line":1,"column":17},"end":{"line":1,"column":48}},"1":{"start":{"line":2,"column":18},"end":{"line":2,"column":47}},"2":{"start":{"line":3,"column":14},"end":{"line":3,"column":42}},"3":{"start":{"line":4,"column":13},"end":{"line":4,"column":40}},"4":{"start":{"line":5,"column":17},"end":{"line":5,"column":43}},"5":{"start":{"line":6,"column":13},"end":{"line":6,"column":28}},"6":{"start":{"line":8,"column":19},"end":{"line":8,"column":41}},"7":{"start":{"line":9,"column":16},"end":{"line":9,"column":32}},"8":{"start":{"line":12,"column":24},"end":{"line":12,"column":83}},"9":{"start":{"line":13,"column":17},"end":{"line":13,"column":19}},"10":{"start":{"line":16,"column":2},"end":{"line":18,"column":3}},"11":{"start":{"line":17,"column":4},"end":{"line":17,"column":33}},"12":{"start":{"line":20,"column":2},"end":{"line":20,"column":16}},"13":{"start":{"line":24,"column":13},"end":{"line":24,"column":55}},"14":{"start":{"line":26,"column":2},"end":{"line":33,"column":28}},"15":{"start":{"line":33,"column":24},"end":{"line":33,"column":28}},"16":{"start":{"line":35,"column":2},"end":{"line":35,"column":11}},"17":{"start":{"line":39,"column":2},"end":{"line":71,"column":3}},"18":{"start":{"line":40,"column":30},"end":{"line":40,"column":89}},"19":{"start":{"line":43,"column":18},"end":{"line":43,"column":27}},"20":{"start":{"line":44,"column":20},"end":{"line":44,"column":65}},"21":{"start":{"line":46,"column":6},"end":{"line":46,"column":31}},"22":{"start":{"line":46,"column":18},"end":{"line":46,"column":31}},"23":{"start":{"line":47,"column":6},"end":{"line":47,"column":30}},"24":{"start":{"line":47,"column":18},"end":{"line":47,"column":30}},"25":{"start":{"line":49,"column":24},"end":{"line":49,"column":32}},"26":{"start":{"line":50,"column":18},"end":{"line":50,"column":33}},"27":{"start":{"line":51,"column":20},"end":{"line":51,"column":54}},"28":{"start":{"line":52,"column":6},"end":{"line":52,"column":56}},"29":{"start":{"line":52,"column":34},"end":{"line":52,"column":56}},"30":{"start":{"line":53,"column":28},"end":{"line":53,"column":59}},"31":{"start":{"line":54,"column":19},"end":{"line":54,"column":43}},"32":{"start":{"line":57,"column":20},"end":{"line":57,"column":54}},"33":{"start":{"line":58,"column":6},"end":{"line":58,"column":101}},"34":{"start":{"line":61,"column":6},"end":{"line":61,"column":36}},"35":{"start":{"line":62,"column":6},"end":{"line":62,"column":18}},"36":{"start":{"line":66,"column":6},"end":{"line":66,"column":33}},"37":{"start":{"line":69,"column":4},"end":{"line":69,"column":74}},"38":{"start":{"line":70,"column":4},"end":{"line":70,"column":45}},"39":{"start":{"line":77,"column":2},"end":{"line":93,"column":3}},"40":{"start":{"line":78,"column":26},"end":{"line":80,"column":5}},"41":{"start":{"line":79,"column":6},"end":{"line":79,"column":52}},"42":{"start":{"line":82,"column":4},"end":{"line":92,"column":6}},"43":{"start":{"line":83,"column":20},"end":{"line":83,"column":31}},"44":{"start":{"line":84,"column":23},"end":{"line":84,"column":45}},"45":{"start":{"line":85,"column":6},"end":{"line":89,"column":7}},"46":{"start":{"line":86,"column":20},"end":{"line":86,"column":44}},"47":{"start":{"line":87,"column":23},"end":{"line":87,"column":67}},"48":{"start":{"line":88,"column":8},"end":{"line":88,"column":54}},"49":{"start":{"line":88,"column":20},"end":{"line":88,"column":54}},"50":{"start":{"line":91,"column":6},"end":{"line":91,"column":60}},"51":{"start":{"line":98,"column":2},"end":{"line":120,"column":3}},"52":{"start":{"line":99,"column":26},"end":{"line":101,"column":5}},"53":{"start":{"line":100,"column":6},"end":{"line":100,"column":52}},"54":{"start":{"line":103,"column":4},"end":{"line":119,"column":6}},"55":{"start":{"line":104,"column":20},"end":{"line":104,"column":31}},"56":{"start":{"line":105,"column":23},"end":{"line":105,"column":46}},"57":{"start":{"line":106,"column":6},"end":{"line":110,"column":7}},"58":{"start":{"line":107,"column":20},"end":{"line":107,"column":44}},"59":{"start":{"line":108,"column":23},"end":{"line":108,"column":67}},"60":{"start":{"line":109,"column":8},"end":{"line":109,"column":54}},"61":{"start":{"line":109,"column":20},"end":{"line":109,"column":54}},"62":{"start":{"line":113,"column":25},"end":{"line":113,"column":49}},"63":{"start":{"line":114,"column":6},"end":{"line":117,"column":7}},"64":{"start":{"line":115,"column":22},"end":{"line":115,"column":46}},"65":{"start":{"line":116,"column":8},"end":{"line":116,"column":41}},"66":{"start":{"line":118,"column":6},"end":{"line":118,"column":60}},"67":{"start":{"line":124,"column":2},"end":{"line":129,"column":3}},"68":{"start":{"line":125,"column":4},"end":{"line":125,"column":18}},"69":{"start":{"line":126,"column":4},"end":{"line":126,"column":16}},"70":{"start":{"line":128,"column":4},"end":{"line":128,"column":17}},"71":{"start":{"line":133,"column":18},"end":{"line":133,"column":75}},"72":{"start":{"line":134,"column":18},"end":{"line":134,"column":75}},"73":{"start":{"line":136,"column":2},"end":{"line":136,"column":44}},"74":{"start":{"line":136,"column":33},"end":{"line":136,"column":44}},"75":{"start":{"line":137,"column":2},"end":{"line":137,"column":38}},"76":{"start":{"line":137,"column":27},"end":{"line":137,"column":38}},"77":{"start":{"line":138,"column":17},"end":{"line":138,"column":34}},"78":{"start":{"line":139,"column":18},"end":{"line":139,"column":38}},"79":{"start":{"line":140,"column":17},"end":{"line":140,"column":39}},"80":{"start":{"line":141,"column":2},"end":{"line":141,"column":45}},"81":{"start":{"line":141,"column":25},"end":{"line":141,"column":45}},"82":{"start":{"line":143,"column":2},"end":{"line":143,"column":16}},"83":{"start":{"line":148,"column":2},"end":{"line":150,"column":3}},"84":{"start":{"line":149,"column":4},"end":{"line":149,"column":58}},"85":{"start":{"line":151,"column":2},"end":{"line":151,"column":34}},"86":{"start":{"line":155,"column":2},"end":{"line":155,"column":72}},"87":{"start":{"line":158,"column":0},"end":{"line":168,"column":1}},"88":{"start":{"line":160,"column":4},"end":{"line":160,"column":24}},"89":{"start":{"line":163,"column":4},"end":{"line":163,"column":45}},"90":{"start":{"line":164,"column":4},"end":{"line":164,"column":49}}},"fnMap":{"0":{"name":"extractWikilinkTopics","decl":{"start":{"line":11,"column":9},"end":{"line":11,"column":30}},"loc":{"start":{"line":11,"column":41},"end":{"line":21,"column":1}},"line":11},"1":{"name":"getRenderer","decl":{"start":{"line":23,"column":9},"end":{"line":23,"column":20}},"loc":{"start":{"line":23,"column":31},"end":{"line":36,"column":1}},"line":23},"2":{"name":"(anonymous_2)","decl":{"start":{"line":33,"column":18},"end":{"line":33,"column":19}},"loc":{"start":{"line":33,"column":24},"end":{"line":33,"column":28}},"line":33},"3":{"name":"obsidianTopicLinks","decl":{"start":{"line":38,"column":9},"end":{"line":38,"column":27}},"loc":{"start":{"line":38,"column":38},"end":{"line":72,"column":1}},"line":38},"4":{"name":"(anonymous_4)","decl":{"start":{"line":39,"column":9},"end":{"line":39,"column":10}},"loc":{"start":{"line":39,"column":22},"end":{"line":71,"column":3}},"line":39},"5":{"name":"obsidianLinkRenderer","decl":{"start":{"line":42,"column":13},"end":{"line":42,"column":33}},"loc":{"start":{"line":42,"column":49},"end":{"line":63,"column":5}},"line":42},"6":{"name":"render","decl":{"start":{"line":65,"column":13},"end":{"line":65,"column":19}},"loc":{"start":{"line":65,"column":33},"end":{"line":67,"column":5}},"line":65},"7":{"name":"replaceImagePaths","decl":{"start":{"line":75,"column":9},"end":{"line":75,"column":26}},"loc":{"start":{"line":75,"column":37},"end":{"line":94,"column":1}},"line":75},"8":{"name":"(anonymous_8)","decl":{"start":{"line":77,"column":9},"end":{"line":77,"column":10}},"loc":{"start":{"line":77,"column":22},"end":{"line":93,"column":3}},"line":77},"9":{"name":"(anonymous_9)","decl":{"start":{"line":78,"column":53},"end":{"line":78,"column":54}},"loc":{"start":{"line":78,"column":95},"end":{"line":80,"column":5}},"line":78},"10":{"name":"(anonymous_10)","decl":{"start":{"line":82,"column":30},"end":{"line":82,"column":31}},"loc":{"start":{"line":82,"column":72},"end":{"line":92,"column":5}},"line":82},"11":{"name":"replaceLinkPathsAndTitles","decl":{"start":{"line":96,"column":9},"end":{"line":96,"column":34}},"loc":{"start":{"line":96,"column":45},"end":{"line":121,"column":1}},"line":96},"12":{"name":"(anonymous_12)","decl":{"start":{"line":98,"column":9},"end":{"line":98,"column":10}},"loc":{"start":{"line":98,"column":22},"end":{"line":120,"column":3}},"line":98},"13":{"name":"(anonymous_13)","decl":{"start":{"line":99,"column":57},"end":{"line":99,"column":58}},"loc":{"start":{"line":99,"column":99},"end":{"line":101,"column":5}},"line":99},"14":{"name":"(anonymous_14)","decl":{"start":{"line":103,"column":34},"end":{"line":103,"column":35}},"loc":{"start":{"line":103,"column":76},"end":{"line":119,"column":5}},"line":103},"15":{"name":"isUrl","decl":{"start":{"line":123,"column":9},"end":{"line":123,"column":14}},"loc":{"start":{"line":123,"column":21},"end":{"line":130,"column":1}},"line":123},"16":{"name":"resolveFileUrl","decl":{"start":{"line":132,"column":9},"end":{"line":132,"column":23}},"loc":{"start":{"line":132,"column":39},"end":{"line":145,"column":1}},"line":132},"17":{"name":"pathToFileURL","decl":{"start":{"line":147,"column":9},"end":{"line":147,"column":22}},"loc":{"start":{"line":147,"column":37},"end":{"line":152,"column":1}},"line":147},"18":{"name":"renderCancelledTasks","decl":{"start":{"line":154,"column":9},"end":{"line":154,"column":29}},"loc":{"start":{"line":154,"column":40},"end":{"line":156,"column":1}},"line":154},"19":{"name":"(anonymous_19)","decl":{"start":{"line":159,"column":2},"end":{"line":159,"column":3}},"loc":{"start":{"line":159,"column":25},"end":{"line":161,"column":3}},"line":159},"20":{"name":"(anonymous_20)","decl":{"start":{"line":162,"column":2},"end":{"line":162,"column":3}},"loc":{"start":{"line":162,"column":38},"end":{"line":165,"column":3}},"line":162}},"branchMap":{"0":{"loc":{"start":{"line":46,"column":6},"end":{"line":46,"column":31}},"type":"if","locations":[{"start":{"line":46,"column":6},"end":{"line":46,"column":31}},{"start":{"line":46,"column":6},"end":{"line":46,"column":31}}],"line":46},"1":{"loc":{"start":{"line":47,"column":6},"end":{"line":47,"column":30}},"type":"if","locations":[{"start":{"line":47,"column":6},"end":{"line":47,"column":30}},{"start":{"line":47,"column":6},"end":{"line":47,"column":30}}],"line":47},"2":{"loc":{"start":{"line":51,"column":20},"end":{"line":51,"column":54}},"type":"cond-expr","locations":[{"start":{"line":51,"column":31},"end":{"line":51,"column":46}},{"start":{"line":51,"column":49},"end":{"line":51,"column":54}}],"line":51},"3":{"loc":{"start":{"line":52,"column":6},"end":{"line":52,"column":56}},"type":"if","locations":[{"start":{"line":52,"column":6},"end":{"line":52,"column":56}},{"start":{"line":52,"column":6},"end":{"line":52,"column":56}}],"line":52},"4":{"loc":{"start":{"line":78,"column":26},"end":{"line":80,"column":5}},"type":"binary-expr","locations":[{"start":{"line":78,"column":26},"end":{"line":78,"column":49}},{"start":{"line":78,"column":53},"end":{"line":80,"column":5}}],"line":78},"5":{"loc":{"start":{"line":85,"column":6},"end":{"line":89,"column":7}},"type":"if","locations":[{"start":{"line":85,"column":6},"end":{"line":89,"column":7}},{"start":{"line":85,"column":6},"end":{"line":89,"column":7}}],"line":85},"6":{"loc":{"start":{"line":87,"column":23},"end":{"line":87,"column":67}},"type":"binary-expr","locations":[{"start":{"line":87,"column":23},"end":{"line":87,"column":34}},{"start":{"line":87,"column":38},"end":{"line":87,"column":67}}],"line":87},"7":{"loc":{"start":{"line":88,"column":8},"end":{"line":88,"column":54}},"type":"if","locations":[{"start":{"line":88,"column":8},"end":{"line":88,"column":54}},{"start":{"line":88,"column":8},"end":{"line":88,"column":54}}],"line":88},"8":{"loc":{"start":{"line":99,"column":26},"end":{"line":101,"column":5}},"type":"binary-expr","locations":[{"start":{"line":99,"column":26},"end":{"line":99,"column":53}},{"start":{"line":99,"column":57},"end":{"line":101,"column":5}}],"line":99},"9":{"loc":{"start":{"line":106,"column":6},"end":{"line":110,"column":7}},"type":"if","locations":[{"start":{"line":106,"column":6},"end":{"line":110,"column":7}},{"start":{"line":106,"column":6},"end":{"line":110,"column":7}}],"line":106},"10":{"loc":{"start":{"line":108,"column":23},"end":{"line":108,"column":67}},"type":"binary-expr","locations":[{"start":{"line":108,"column":23},"end":{"line":108,"column":34}},{"start":{"line":108,"column":38},"end":{"line":108,"column":67}}],"line":108},"11":{"loc":{"start":{"line":109,"column":8},"end":{"line":109,"column":54}},"type":"if","locations":[{"start":{"line":109,"column":8},"end":{"line":109,"column":54}},{"start":{"line":109,"column":8},"end":{"line":109,"column":54}}],"line":109},"12":{"loc":{"start":{"line":114,"column":6},"end":{"line":117,"column":7}},"type":"if","locations":[{"start":{"line":114,"column":6},"end":{"line":117,"column":7}},{"start":{"line":114,"column":6},"end":{"line":117,"column":7}}],"line":114},"13":{"loc":{"start":{"line":133,"column":18},"end":{"line":133,"column":75}},"type":"cond-expr","locations":[{"start":{"line":133,"column":42},"end":{"line":133,"column":60}},{"start":{"line":133,"column":63},"end":{"line":133,"column":75}}],"line":133},"14":{"loc":{"start":{"line":134,"column":18},"end":{"line":134,"column":75}},"type":"cond-expr","locations":[{"start":{"line":134,"column":42},"end":{"line":134,"column":60}},{"start":{"line":134,"column":63},"end":{"line":134,"column":75}}],"line":134},"15":{"loc":{"start":{"line":136,"column":2},"end":{"line":136,"column":44}},"type":"if","locations":[{"start":{"line":136,"column":2},"end":{"line":136,"column":44}},{"start":{"line":136,"column":2},"end":{"line":136,"column":44}}],"line":136},"16":{"loc":{"start":{"line":137,"column":2},"end":{"line":137,"column":38}},"type":"if","locations":[{"start":{"line":137,"column":2},"end":{"line":137,"column":38}},{"start":{"line":137,"column":2},"end":{"line":137,"column":38}}],"line":137},"17":{"loc":{"start":{"line":141,"column":2},"end":{"line":141,"column":45}},"type":"if","locations":[{"start":{"line":141,"column":2},"end":{"line":141,"column":45}},{"start":{"line":141,"column":2},"end":{"line":141,"column":45}}],"line":141},"18":{"loc":{"start":{"line":148,"column":2},"end":{"line":150,"column":3}},"type":"if","locations":[{"start":{"line":148,"column":2},"end":{"line":150,"column":3}},{"start":{"line":148,"column":2},"end":{"line":150,"column":3}}],"line":148}},"s":{"0":1,"1":1,"2":1,"3":1,"4":1,"5":1,"6":1,"7":1,"8":20983,"9":20983,"10":20983,"11":3,"12":20983,"13":27786,"14":27786,"15":489,"16":27786,"17":27786,"18":27786,"19":6933,"20":6933,"21":6933,"22":6929,"23":4,"24":0,"25":4,"26":4,"27":4,"28":4,"29":4,"30":4,"31":4,"32":4,"33":4,"34":4,"35":4,"36":4,"37":27786,"38":27786,"39":27786,"40":27786,"41":0,"42":27786,"43":2,"44":2,"45":2,"46":2,"47":2,"48":2,"49":2,"50":2,"51":27786,"52":27786,"53":435,"54":27786,"55":435,"56":435,"57":435,"58":435,"59":435,"60":435,"61":94,"62":435,"63":435,"64":435,"65":435,"66":435,"67":437,"68":437,"69":341,"70":96,"71":100,"72":100,"73":100,"74":0,"75":100,"76":4,"77":100,"78":100,"79":100,"80":100,"81":6,"82":94,"83":100,"84":7,"85":100,"86":27786,"87":1,"88":2,"89":27786,"90":27786},"f":{"0":20983,"1":27786,"2":489,"3":27786,"4":27786,"5":6933,"6":4,"7":27786,"8":27786,"9":0,"10":2,"11":27786,"12":27786,"13":435,"14":435,"15":437,"16":100,"17":100,"18":27786,"19":2,"20":27786},"b":{"0":[6929,4],"1":[0,4],"2":[2,2],"3":[4,0],"4":[27786,0],"5":[2,0],"6":[2,2],"7":[2,0],"8":[27786,27786],"9":[435,0],"10":[435,94],"11":[94,341],"12":[435,0],"13":[7,93],"14":[7,93],"15":[0,100],"16":[4,96],"17":[6,94],"18":[7,93]},"_coverageSchema":"1a1c01bbd47fc00a2c39e90264f33305004495a9","hash":"20a0e727534d22ce672e9fa4cff1ab329287141c","contentHash":"06ceee7d5a2e66c43e62cceec739395f604cfd4f6b8a4446941a30907b5828f7"},"/Users/jessepiascik/projects/imdone-projects/imdone-core/lib/adapters/parsers/content-transformer.js":{"path":"/Users/jessepiascik/projects/imdone-projects/imdone-core/lib/adapters/parsers/content-transformer.js","statementMap":{"0":{"start":{"line":1,"column":17},"end":{"line":1,"column":43}},"1":{"start":{"line":2,"column":15},"end":{"line":2,"column":32}},"2":{"start":{"line":4,"column":0},"end":{"line":7,"column":1}},"3":{"start":{"line":10,"column":2},"end":{"line":10,"column":66}},"4":{"start":{"line":14,"column":25},"end":{"line":14,"column":52}},"5":{"start":{"line":15,"column":19},"end":{"line":15,"column":21}},"6":{"start":{"line":18,"column":2},"end":{"line":22,"column":4}},"7":{"start":{"line":19,"column":16},"end":{"line":19,"column":53}},"8":{"start":{"line":20,"column":4},"end":{"line":20,"column":26}},"9":{"start":{"line":21,"column":4},"end":{"line":21,"column":14}},"10":{"start":{"line":24,"column":2},"end":{"line":24,"column":32}},"11":{"start":{"line":29,"column":2},"end":{"line":31,"column":4}},"12":{"start":{"line":30,"column":4},"end":{"line":30,"column":62}},"13":{"start":{"line":32,"column":2},"end":{"line":32,"column":16}},"14":{"start":{"line":43,"column":22},"end":{"line":43,"column":24}},"15":{"start":{"line":44,"column":25},"end":{"line":44,"column":30}},"16":{"start":{"line":46,"column":2},"end":{"line":58,"column":5}},"17":{"start":{"line":47,"column":4},"end":{"line":57,"column":5}},"18":{"start":{"line":48,"column":21},"end":{"line":48,"column":48}},"19":{"start":{"line":49,"column":6},"end":{"line":51,"column":7}},"20":{"start":{"line":50,"column":8},"end":{"line":50,"column":32}},"21":{"start":{"line":52,"column":6},"end":{"line":52,"column":20}},"22":{"start":{"line":54,"column":20},"end":{"line":54,"column":49}},"23":{"start":{"line":55,"column":6},"end":{"line":55,"column":33}},"24":{"start":{"line":56,"column":6},"end":{"line":56,"column":19}},"25":{"start":{"line":60,"column":2},"end":{"line":60,"column":52}},"26":{"start":{"line":64,"column":2},"end":{"line":70,"column":5}},"27":{"start":{"line":66,"column":18},"end":{"line":66,"column":26}},"28":{"start":{"line":67,"column":23},"end":{"line":67,"column":91}},"29":{"start":{"line":68,"column":17},"end":{"line":68,"column":49}},"30":{"start":{"line":69,"column":4},"end":{"line":69,"column":48}},"31":{"start":{"line":74,"column":15},"end":{"line":74,"column":59}},"32":{"start":{"line":75,"column":22},"end":{"line":75,"column":24}},"33":{"start":{"line":77,"column":2},"end":{"line":77,"column":57}},"34":{"start":{"line":77,"column":16},"end":{"line":77,"column":57}},"35":{"start":{"line":80,"column":50},"end":{"line":80,"column":75}},"36":{"start":{"line":82,"column":15},"end":{"line":82,"column":29}},"37":{"start":{"line":83,"column":25},"end":{"line":83,"column":29}},"38":{"start":{"line":85,"column":2},"end":{"line":90,"column":3}},"39":{"start":{"line":86,"column":32},"end":{"line":86,"column":63}},"40":{"start":{"line":87,"column":4},"end":{"line":87,"column":41}},"41":{"start":{"line":88,"column":4},"end":{"line":88,"column":60}},"42":{"start":{"line":89,"column":4},"end":{"line":89,"column":64}},"43":{"start":{"line":92,"column":2},"end":{"line":101,"column":3}},"44":{"start":{"line":93,"column":25},"end":{"line":93,"column":65}},"45":{"start":{"line":94,"column":4},"end":{"line":94,"column":28}},"46":{"start":{"line":95,"column":4},"end":{"line":100,"column":5}},"47":{"start":{"line":96,"column":34},"end":{"line":96,"column":73}},"48":{"start":{"line":97,"column":6},"end":{"line":97,"column":43}},"49":{"start":{"line":98,"column":6},"end":{"line":98,"column":62}},"50":{"start":{"line":99,"column":6},"end":{"line":99,"column":66}},"51":{"start":{"line":103,"column":2},"end":{"line":103,"column":49}},"52":{"start":{"line":106,"column":2},"end":{"line":108,"column":5}},"53":{"start":{"line":107,"column":4},"end":{"line":107,"column":72}},"54":{"start":{"line":110,"column":2},"end":{"line":110,"column":16}}},"fnMap":{"0":{"name":"removeDisplayComments","decl":{"start":{"line":9,"column":9},"end":{"line":9,"column":30}},"loc":{"start":{"line":9,"column":44},"end":{"line":11,"column":1}},"line":9},"1":{"name":"escapeCodeBlocks","decl":{"start":{"line":13,"column":9},"end":{"line":13,"column":25}},"loc":{"start":{"line":13,"column":35},"end":{"line":25,"column":1}},"line":13},"2":{"name":"(anonymous_2)","decl":{"start":{"line":18,"column":44},"end":{"line":18,"column":45}},"loc":{"start":{"line":18,"column":55},"end":{"line":22,"column":3}},"line":18},"3":{"name":"restoreCodeBlocks","decl":{"start":{"line":27,"column":9},"end":{"line":27,"column":26}},"loc":{"start":{"line":27,"column":48},"end":{"line":33,"column":1}},"line":27},"4":{"name":"(anonymous_4)","decl":{"start":{"line":29,"column":21},"end":{"line":29,"column":22}},"loc":{"start":{"line":29,"column":38},"end":{"line":31,"column":3}},"line":29},"5":{"name":"interpolate","decl":{"start":{"line":42,"column":9},"end":{"line":42,"column":20}},"loc":{"start":{"line":42,"column":42},"end":{"line":61,"column":1}},"line":42},"6":{"name":"(anonymous_6)","decl":{"start":{"line":46,"column":46},"end":{"line":46,"column":47}},"loc":{"start":{"line":46,"column":61},"end":{"line":58,"column":3}},"line":46},"7":{"name":"encodeMarkdownLinks","decl":{"start":{"line":63,"column":9},"end":{"line":63,"column":28}},"loc":{"start":{"line":63,"column":38},"end":{"line":71,"column":1}},"line":63},"8":{"name":"(anonymous_8)","decl":{"start":{"line":64,"column":63},"end":{"line":64,"column":64}},"loc":{"start":{"line":64,"column":86},"end":{"line":70,"column":3}},"line":64},"9":{"name":"format","decl":{"start":{"line":73,"column":9},"end":{"line":73,"column":15}},"loc":{"start":{"line":73,"column":41},"end":{"line":111,"column":1}},"line":73},"10":{"name":"(anonymous_10)","decl":{"start":{"line":106,"column":35},"end":{"line":106,"column":36}},"loc":{"start":{"line":106,"column":44},"end":{"line":108,"column":3}},"line":106}},"branchMap":{"0":{"loc":{"start":{"line":49,"column":6},"end":{"line":51,"column":7}},"type":"if","locations":[{"start":{"line":49,"column":6},"end":{"line":51,"column":7}},{"start":{"line":49,"column":6},"end":{"line":51,"column":7}}],"line":49},"1":{"loc":{"start":{"line":66,"column":18},"end":{"line":66,"column":26}},"type":"binary-expr","locations":[{"start":{"line":66,"column":18},"end":{"line":66,"column":20}},{"start":{"line":66,"column":24},"end":{"line":66,"column":26}}],"line":66},"2":{"loc":{"start":{"line":77,"column":2},"end":{"line":77,"column":57}},"type":"if","locations":[{"start":{"line":77,"column":2},"end":{"line":77,"column":57}},{"start":{"line":77,"column":2},"end":{"line":77,"column":57}}],"line":77},"3":{"loc":{"start":{"line":92,"column":2},"end":{"line":101,"column":3}},"type":"if","locations":[{"start":{"line":92,"column":2},"end":{"line":101,"column":3}},{"start":{"line":92,"column":2},"end":{"line":101,"column":3}}],"line":92}},"s":{"0":1,"1":1,"2":1,"3":54341,"4":70256,"5":70256,"6":70256,"7":3587,"8":3587,"9":3587,"10":70256,"11":70256,"12":3587,"13":70256,"14":124922,"15":124922,"16":124922,"17":1227,"18":1227,"19":1035,"20":1035,"21":1035,"22":192,"23":192,"24":192,"25":124922,"26":36228,"27":814,"28":814,"29":814,"30":814,"31":70256,"32":70256,"33":70256,"34":54341,"35":70256,"36":70256,"37":70256,"38":70256,"39":70261,"40":70261,"41":70261,"42":70261,"43":70256,"44":54341,"45":54341,"46":54341,"47":54661,"48":54661,"49":54661,"50":54661,"51":70256,"52":70256,"53":192,"54":70256},"f":{"0":54341,"1":70256,"2":3587,"3":70256,"4":3587,"5":124922,"6":1227,"7":36228,"8":814,"9":70256,"10":192},"b":{"0":[1035,0],"1":[814,814],"2":[54341,15915],"3":[54341,15915]},"_coverageSchema":"1a1c01bbd47fc00a2c39e90264f33305004495a9","hash":"849b74d966feb641e21dc8f8fb5b4d501d9f211f","contentHash":"35ecd3e4eefc97287d25977532c01386970018746c393007167f46a3959077eb"},"/Users/jessepiascik/projects/imdone-projects/imdone-core/lib/adapters/parsers/file/LocalFileParserFactory.js":{"path":"/Users/jessepiascik/projects/imdone-projects/imdone-core/lib/adapters/parsers/file/LocalFileParserFactory.js","statementMap":{"0":{"start":{"line":1,"column":29},"end":{"line":1,"column":42}},"1":{"start":{"line":2,"column":33},"end":{"line":2,"column":70}},"2":{"start":{"line":3,"column":13},"end":{"line":3,"column":28}},"3":{"start":{"line":4,"column":18},"end":{"line":4,"column":47}},"4":{"start":{"line":5,"column":29},"end":{"line":5,"column":62}},"5":{"start":{"line":9,"column":20},"end":{"line":9,"column":40}},"6":{"start":{"line":10,"column":13},"end":{"line":10,"column":46}},"7":{"start":{"line":11,"column":2},"end":{"line":11,"column":45}},"8":{"start":{"line":15,"column":26},"end":{"line":15,"column":48}},"9":{"start":{"line":16,"column":2},"end":{"line":16,"column":45}},"10":{"start":{"line":19,"column":0},"end":{"line":19,"column":32}},"11":{"start":{"line":20,"column":0},"end":{"line":37,"column":1}},"12":{"start":{"line":21,"column":2},"end":{"line":23,"column":3}},"13":{"start":{"line":22,"column":4},"end":{"line":22,"column":43}},"14":{"start":{"line":24,"column":15},"end":{"line":24,"column":40}},"15":{"start":{"line":25,"column":2},"end":{"line":36,"column":3}},"16":{"start":{"line":26,"column":4},"end":{"line":26,"column":59}},"17":{"start":{"line":28,"column":19},"end":{"line":33,"column":5}},"18":{"start":{"line":34,"column":4},"end":{"line":34,"column":23}},"19":{"start":{"line":35,"column":4},"end":{"line":35,"column":17}}},"fnMap":{"0":{"name":"getLang","decl":{"start":{"line":8,"column":9},"end":{"line":8,"column":16}},"loc":{"start":{"line":8,"column":35},"end":{"line":12,"column":1}},"line":8},"1":{"name":"getLanguages","decl":{"start":{"line":14,"column":9},"end":{"line":14,"column":21}},"loc":{"start":{"line":14,"column":30},"end":{"line":17,"column":1}},"line":14},"2":{"name":"getFileParser","decl":{"start":{"line":20,"column":46},"end":{"line":20,"column":59}},"loc":{"start":{"line":20,"column":91},"end":{"line":37,"column":1}},"line":20}},"branchMap":{"0":{"loc":{"start":{"line":11,"column":9},"end":{"line":11,"column":45}},"type":"binary-expr","locations":[{"start":{"line":11,"column":9},"end":{"line":11,"column":13}},{"start":{"line":11,"column":17},"end":{"line":11,"column":45}}],"line":11},"1":{"loc":{"start":{"line":15,"column":26},"end":{"line":15,"column":48}},"type":"binary-expr","locations":[{"start":{"line":15,"column":26},"end":{"line":15,"column":42}},{"start":{"line":15,"column":46},"end":{"line":15,"column":48}}],"line":15},"2":{"loc":{"start":{"line":21,"column":2},"end":{"line":23,"column":3}},"type":"if","locations":[{"start":{"line":21,"column":2},"end":{"line":23,"column":3}},{"start":{"line":21,"column":2},"end":{"line":23,"column":3}}],"line":21},"3":{"loc":{"start":{"line":25,"column":2},"end":{"line":36,"column":3}},"type":"if","locations":[{"start":{"line":25,"column":2},"end":{"line":36,"column":3}},{"start":{"line":25,"column":2},"end":{"line":36,"column":3}}],"line":25}},"s":{"0":1,"1":1,"2":1,"3":1,"4":1,"5":4,"6":4,"7":4,"8":4,"9":4,"10":1,"11":1,"12":4,"13":3,"14":4,"15":4,"16":3,"17":1,"18":1,"19":1},"f":{"0":4,"1":4,"2":4},"b":{"0":[4,3],"1":[4,4],"2":[3,1],"3":[3,1]},"_coverageSchema":"1a1c01bbd47fc00a2c39e90264f33305004495a9","hash":"b2839dca14944dfda92e75a666625e3a12b47c18","contentHash":"a227f456c7becb8c6f46bf80d136f3205ab5c9cde1f572168337e2d13e3b08b5"},"/Users/jessepiascik/projects/imdone-projects/imdone-core/lib/adapters/parsers/file/ReadStreamMarkdownParser.js":{"path":"/Users/jessepiascik/projects/imdone-projects/imdone-core/lib/adapters/parsers/file/ReadStreamMarkdownParser.js","statementMap":{"0":{"start":{"line":1,"column":29},"end":{"line":1,"column":62}},"1":{"start":{"line":2,"column":28},"end":{"line":2,"column":66}},"2":{"start":{"line":3,"column":32},"end":{"line":3,"column":74}},"3":{"start":{"line":6,"column":0},"end":{"line":17,"column":1}},"4":{"start":{"line":8,"column":4},"end":{"line":8,"column":29}},"5":{"start":{"line":9,"column":4},"end":{"line":12,"column":5}}},"fnMap":{"0":{"name":"(anonymous_0)","decl":{"start":{"line":7,"column":2},"end":{"line":7,"column":3}},"loc":{"start":{"line":7,"column":34},"end":{"line":16,"column":3}},"line":7}},"branchMap":{},"s":{"0":1,"1":1,"2":1,"3":1,"4":4,"5":4},"f":{"0":4},"b":{},"_coverageSchema":"1a1c01bbd47fc00a2c39e90264f33305004495a9","hash":"070c5123253fad234077e3fb7a0786d2a8df0552","contentHash":"e15d0898d304ad216ed263ddaa10a82fb8d83ab555dfe9106d637e07f913eb14"},"/Users/jessepiascik/projects/imdone-projects/imdone-core/lib/adapters/parsers/file/ReadStreamTaskParser.js":{"path":"/Users/jessepiascik/projects/imdone-projects/imdone-core/lib/adapters/parsers/file/ReadStreamTaskParser.js","statementMap":{"0":{"start":{"line":1,"column":17},"end":{"line":1,"column":36}},"1":{"start":{"line":2,"column":28},"end":{"line":2,"column":29}},"2":{"start":{"line":4,"column":0},"end":{"line":104,"column":1}},"3":{"start":{"line":6,"column":4},"end":{"line":6,"column":32}},"4":{"start":{"line":7,"column":4},"end":{"line":7,"column":20}},"5":{"start":{"line":8,"column":4},"end":{"line":8,"column":20}},"6":{"start":{"line":9,"column":4},"end":{"line":9,"column":25}},"7":{"start":{"line":10,"column":4},"end":{"line":10,"column":19}},"8":{"start":{"line":11,"column":4},"end":{"line":11,"column":23}},"9":{"start":{"line":12,"column":4},"end":{"line":16,"column":6}},"10":{"start":{"line":20,"column":27},"end":{"line":20,"column":32}},"11":{"start":{"line":21,"column":4},"end":{"line":21,"column":37}},"12":{"start":{"line":22,"column":4},"end":{"line":22,"column":23}},"13":{"start":{"line":24,"column":4},"end":{"line":45,"column":5}},"14":{"start":{"line":25,"column":6},"end":{"line":41,"column":7}},"15":{"start":{"line":26,"column":8},"end":{"line":26,"column":41}},"16":{"start":{"line":27,"column":30},"end":{"line":27,"column":39}},"17":{"start":{"line":28,"column":8},"end":{"line":40,"column":9}},"18":{"start":{"line":29,"column":10},"end":{"line":29,"column":23}},"19":{"start":{"line":30,"column":28},"end":{"line":30,"column":51}},"20":{"start":{"line":31,"column":10},"end":{"line":37,"column":11}},"21":{"start":{"line":32,"column":12},"end":{"line":32,"column":35}},"22":{"start":{"line":33,"column":17},"end":{"line":37,"column":11}},"23":{"start":{"line":34,"column":12},"end":{"line":34,"column":37}},"24":{"start":{"line":36,"column":12},"end":{"line":36,"column":51}},"25":{"start":{"line":39,"column":10},"end":{"line":39,"column":33}},"26":{"start":{"line":43,"column":6},"end":{"line":43,"column":39}},"27":{"start":{"line":44,"column":6},"end":{"line":44,"column":17}},"28":{"start":{"line":47,"column":4},"end":{"line":47,"column":29}},"29":{"start":{"line":48,"column":4},"end":{"line":48,"column":20}},"30":{"start":{"line":52,"column":4},"end":{"line":52,"column":60}},"31":{"start":{"line":56,"column":4},"end":{"line":60,"column":5}},"32":{"start":{"line":57,"column":6},"end":{"line":57,"column":23}},"33":{"start":{"line":59,"column":6},"end":{"line":59,"column":25}},"34":{"start":{"line":62,"column":4},"end":{"line":62,"column":46}},"35":{"start":{"line":64,"column":4},"end":{"line":67,"column":5}},"36":{"start":{"line":65,"column":6},"end":{"line":65,"column":31}},"37":{"start":{"line":66,"column":6},"end":{"line":66,"column":17}},"38":{"start":{"line":69,"column":4},"end":{"line":71,"column":5}},"39":{"start":{"line":70,"column":6},"end":{"line":70,"column":17}},"40":{"start":{"line":73,"column":4},"end":{"line":73,"column":16}},"41":{"start":{"line":78,"column":4},"end":{"line":81,"column":6}},"42":{"start":{"line":79,"column":6},"end":{"line":79,"column":63}},"43":{"start":{"line":80,"column":6},"end":{"line":80,"column":17}},"44":{"start":{"line":82,"column":4},"end":{"line":82,"column":15}},"45":{"start":{"line":86,"column":4},"end":{"line":86,"column":36}},"46":{"start":{"line":87,"column":4},"end":{"line":87,"column":36}},"47":{"start":{"line":91,"column":4},"end":{"line":91,"column":26}},"48":{"start":{"line":91,"column":20},"end":{"line":91,"column":26}},"49":{"start":{"line":94,"column":4},"end":{"line":96,"column":5}},"50":{"start":{"line":95,"column":6},"end":{"line":95,"column":33}},"51":{"start":{"line":97,"column":4},"end":{"line":97,"column":70}},"52":{"start":{"line":101,"column":4},"end":{"line":101,"column":30}},"53":{"start":{"line":102,"column":4},"end":{"line":102,"column":54}},"54":{"start":{"line":102,"column":31},"end":{"line":102,"column":54}}},"fnMap":{"0":{"name":"(anonymous_0)","decl":{"start":{"line":5,"column":2},"end":{"line":5,"column":3}},"loc":{"start":{"line":5,"column":26},"end":{"line":17,"column":3}},"line":5},"1":{"name":"(anonymous_1)","decl":{"start":{"line":19,"column":2},"end":{"line":19,"column":3}},"loc":{"start":{"line":19,"column":19},"end":{"line":49,"column":3}},"line":19},"2":{"name":"(anonymous_2)","decl":{"start":{"line":51,"column":2},"end":{"line":51,"column":3}},"loc":{"start":{"line":51,"column":19},"end":{"line":53,"column":3}},"line":51},"3":{"name":"(anonymous_3)","decl":{"start":{"line":55,"column":2},"end":{"line":55,"column":3}},"loc":{"start":{"line":55,"column":20},"end":{"line":74,"column":3}},"line":55},"4":{"name":"(anonymous_4)","decl":{"start":{"line":76,"column":2},"end":{"line":76,"column":3}},"loc":{"start":{"line":76,"column":24},"end":{"line":83,"column":3}},"line":76},"5":{"name":"(anonymous_5)","decl":{"start":{"line":78,"column":26},"end":{"line":78,"column":27}},"loc":{"start":{"line":78,"column":42},"end":{"line":81,"column":5}},"line":78},"6":{"name":"(anonymous_6)","decl":{"start":{"line":85,"column":2},"end":{"line":85,"column":3}},"loc":{"start":{"line":85,"column":22},"end":{"line":88,"column":3}},"line":85},"7":{"name":"(anonymous_7)","decl":{"start":{"line":90,"column":2},"end":{"line":90,"column":3}},"loc":{"start":{"line":90,"column":23},"end":{"line":98,"column":3}},"line":90},"8":{"name":"(anonymous_8)","decl":{"start":{"line":100,"column":2},"end":{"line":100,"column":3}},"loc":{"start":{"line":100,"column":10},"end":{"line":103,"column":3}},"line":100}},"branchMap":{"0":{"loc":{"start":{"line":21,"column":16},"end":{"line":21,"column":37}},"type":"binary-expr","locations":[{"start":{"line":21,"column":16},"end":{"line":21,"column":29}},{"start":{"line":21,"column":33},"end":{"line":21,"column":37}}],"line":21},"1":{"loc":{"start":{"line":28,"column":8},"end":{"line":40,"column":9}},"type":"if","locations":[{"start":{"line":28,"column":8},"end":{"line":40,"column":9}},{"start":{"line":28,"column":8},"end":{"line":40,"column":9}}],"line":28},"2":{"loc":{"start":{"line":28,"column":12},"end":{"line":28,"column":30}},"type":"binary-expr","locations":[{"start":{"line":28,"column":12},"end":{"line":28,"column":21}},{"start":{"line":28,"column":25},"end":{"line":28,"column":30}}],"line":28},"3":{"loc":{"start":{"line":31,"column":10},"end":{"line":37,"column":11}},"type":"if","locations":[{"start":{"line":31,"column":10},"end":{"line":37,"column":11}},{"start":{"line":31,"column":10},"end":{"line":37,"column":11}}],"line":31},"4":{"loc":{"start":{"line":31,"column":14},"end":{"line":31,"column":36}},"type":"binary-expr","locations":[{"start":{"line":31,"column":14},"end":{"line":31,"column":23}},{"start":{"line":31,"column":27},"end":{"line":31,"column":36}}],"line":31},"5":{"loc":{"start":{"line":33,"column":17},"end":{"line":37,"column":11}},"type":"if","locations":[{"start":{"line":33,"column":17},"end":{"line":37,"column":11}},{"start":{"line":33,"column":17},"end":{"line":37,"column":11}}],"line":33},"6":{"loc":{"start":{"line":56,"column":4},"end":{"line":60,"column":5}},"type":"if","locations":[{"start":{"line":56,"column":4},"end":{"line":60,"column":5}},{"start":{"line":56,"column":4},"end":{"line":60,"column":5}}],"line":56},"7":{"loc":{"start":{"line":64,"column":4},"end":{"line":67,"column":5}},"type":"if","locations":[{"start":{"line":64,"column":4},"end":{"line":67,"column":5}},{"start":{"line":64,"column":4},"end":{"line":67,"column":5}}],"line":64},"8":{"loc":{"start":{"line":69,"column":4},"end":{"line":71,"column":5}},"type":"if","locations":[{"start":{"line":69,"column":4},"end":{"line":71,"column":5}},{"start":{"line":69,"column":4},"end":{"line":71,"column":5}}],"line":69},"9":{"loc":{"start":{"line":91,"column":4},"end":{"line":91,"column":26}},"type":"if","locations":[{"start":{"line":91,"column":4},"end":{"line":91,"column":26}},{"start":{"line":91,"column":4},"end":{"line":91,"column":26}}],"line":91},"10":{"loc":{"start":{"line":102,"column":4},"end":{"line":102,"column":54}},"type":"if","locations":[{"start":{"line":102,"column":4},"end":{"line":102,"column":54}},{"start":{"line":102,"column":4},"end":{"line":102,"column":54}}],"line":102}},"s":{"0":1,"1":1,"2":1,"3":5,"4":5,"5":5,"6":5,"7":5,"8":5,"9":5,"10":647,"11":647,"12":647,"13":647,"14":647,"15":2023,"16":2023,"17":2023,"18":2019,"19":2019,"20":2019,"21":643,"22":1376,"23":1355,"24":21,"25":4,"26":0,"27":0,"28":647,"29":647,"30":2023,"31":2019,"32":649,"33":1370,"34":2019,"35":2019,"36":1,"37":1,"38":2018,"39":646,"40":1372,"41":2040,"42":3451,"43":3451,"44":2040,"45":1355,"46":1355,"47":647,"48":2,"49":645,"50":643,"51":645,"52":4,"53":4,"54":3},"f":{"0":5,"1":647,"2":2023,"3":2019,"4":2040,"5":3451,"6":1355,"7":647,"8":4},"b":{"0":[647,6],"1":[2019,4],"2":[2023,2023],"3":[643,1376],"4":[2019,1998],"5":[1355,21],"6":[649,1370],"7":[1,2018],"8":[646,1372],"9":[2,645],"10":[3,1]},"_coverageSchema":"1a1c01bbd47fc00a2c39e90264f33305004495a9","hash":"2c6ff6177299378f5add4890f0fd768fb418be5f","contentHash":"d9464483ca3fd66deaa8855abdd9aa4145a295046195f92a73d9532ae247a7c2"},"/Users/jessepiascik/projects/imdone-projects/imdone-core/lib/adapters/parsers/task/HashStyleTaskParser.js":{"path":"/Users/jessepiascik/projects/imdone-projects/imdone-core/lib/adapters/parsers/task/HashStyleTaskParser.js","statementMap":{"0":{"start":{"line":1,"column":19},"end":{"line":1,"column":42}},"1":{"start":{"line":2,"column":30},"end":{"line":2,"column":60}},"2":{"start":{"line":4,"column":0},"end":{"line":27,"column":1}},"3":{"start":{"line":6,"column":4},"end":{"line":6,"column":28}},"4":{"start":{"line":10,"column":19},"end":{"line":10,"column":30}},"5":{"start":{"line":11,"column":4},"end":{"line":11,"column":66}},"6":{"start":{"line":15,"column":53},"end":{"line":15,"column":64}},"7":{"start":{"line":17,"column":4},"end":{"line":25,"column":5}}},"fnMap":{"0":{"name":"(anonymous_0)","decl":{"start":{"line":5,"column":2},"end":{"line":5,"column":3}},"loc":{"start":{"line":5,"column":22},"end":{"line":7,"column":3}},"line":5},"1":{"name":"(anonymous_1)","decl":{"start":{"line":9,"column":2},"end":{"line":9,"column":3}},"loc":{"start":{"line":9,"column":16},"end":{"line":12,"column":3}},"line":9},"2":{"name":"(anonymous_2)","decl":{"start":{"line":14,"column":2},"end":{"line":14,"column":3}},"loc":{"start":{"line":14,"column":40},"end":{"line":26,"column":3}},"line":14}},"branchMap":{"0":{"loc":{"start":{"line":23,"column":13},"end":{"line":23,"column":53}},"type":"binary-expr","locations":[{"start":{"line":23,"column":13},"end":{"line":23,"column":23}},{"start":{"line":23,"column":27},"end":{"line":23,"column":53}}],"line":23}},"s":{"0":1,"1":1,"2":1,"3":4,"4":2040,"5":2040,"6":629,"7":629},"f":{"0":4,"1":2040,"2":629},"b":{"0":[629,4]},"_coverageSchema":"1a1c01bbd47fc00a2c39e90264f33305004495a9","hash":"57138916f5525e6e77ff8f88b0c7ebfe08d50a45","contentHash":"cb9ed5d7c2e6348ff79edd0ed1e76756bee4f9cd0c127e0c9cae6042edcb301c"},"/Users/jessepiascik/projects/imdone-projects/imdone-core/lib/adapters/parsers/task/TaskParser.js":{"path":"/Users/jessepiascik/projects/imdone-projects/imdone-core/lib/adapters/parsers/task/TaskParser.js","statementMap":{"0":{"start":{"line":4,"column":4},"end":{"line":4,"column":26}},"1":{"start":{"line":5,"column":4},"end":{"line":5,"column":25}},"2":{"start":{"line":6,"column":4},"end":{"line":6,"column":32}},"3":{"start":{"line":7,"column":4},"end":{"line":7,"column":20}},"4":{"start":{"line":8,"column":4},"end":{"line":8,"column":20}},"5":{"start":{"line":9,"column":4},"end":{"line":9,"column":20}},"6":{"start":{"line":10,"column":4},"end":{"line":10,"column":22}},"7":{"start":{"line":11,"column":4},"end":{"line":11,"column":26}},"8":{"start":{"line":12,"column":4},"end":{"line":12,"column":22}},"9":{"start":{"line":13,"column":4},"end":{"line":13,"column":20}},"10":{"start":{"line":17,"column":0},"end":{"line":38,"column":1}},"11":{"start":{"line":19,"column":4},"end":{"line":19,"column":24}},"12":{"start":{"line":20,"column":4},"end":{"line":20,"column":20}},"13":{"start":{"line":24,"column":4},"end":{"line":24,"column":36}},"14":{"start":{"line":28,"column":15},"end":{"line":28,"column":39}},"15":{"start":{"line":29,"column":19},"end":{"line":29,"column":39}},"16":{"start":{"line":30,"column":24},"end":{"line":30,"column":77}},"17":{"start":{"line":32,"column":4},"end":{"line":34,"column":5}},"18":{"start":{"line":33,"column":6},"end":{"line":33,"column":12}},"19":{"start":{"line":36,"column":4},"end":{"line":36,"column":47}}},"fnMap":{"0":{"name":"(anonymous_0)","decl":{"start":{"line":3,"column":2},"end":{"line":3,"column":3}},"loc":{"start":{"line":3,"column":77},"end":{"line":14,"column":3}},"line":3},"1":{"name":"(anonymous_1)","decl":{"start":{"line":18,"column":2},"end":{"line":18,"column":3}},"loc":{"start":{"line":18,"column":28},"end":{"line":21,"column":3}},"line":18},"2":{"name":"(anonymous_2)","decl":{"start":{"line":23,"column":2},"end":{"line":23,"column":3}},"loc":{"start":{"line":23,"column":16},"end":{"line":25,"column":3}},"line":23},"3":{"name":"(anonymous_3)","decl":{"start":{"line":27,"column":2},"end":{"line":27,"column":3}},"loc":{"start":{"line":27,"column":37},"end":{"line":37,"column":3}},"line":27}},"branchMap":{"0":{"loc":{"start":{"line":30,"column":24},"end":{"line":30,"column":77}},"type":"binary-expr","locations":[{"start":{"line":30,"column":24},"end":{"line":30,"column":30}},{"start":{"line":30,"column":34},"end":{"line":30,"column":77}}],"line":30},"1":{"loc":{"start":{"line":32,"column":4},"end":{"line":34,"column":5}},"type":"if","locations":[{"start":{"line":32,"column":4},"end":{"line":34,"column":5}},{"start":{"line":32,"column":4},"end":{"line":34,"column":5}}],"line":32},"2":{"loc":{"start":{"line":32,"column":8},"end":{"line":32,"column":85}},"type":"binary-expr","locations":[{"start":{"line":32,"column":8},"end":{"line":32,"column":19}},{"start":{"line":32,"column":23},"end":{"line":32,"column":40}},{"start":{"line":32,"column":44},"end":{"line":32,"column":85}}],"line":32},"3":{"loc":{"start":{"line":36,"column":11},"end":{"line":36,"column":47}},"type":"binary-expr","locations":[{"start":{"line":36,"column":11},"end":{"line":36,"column":22}},{"start":{"line":36,"column":26},"end":{"line":36,"column":47}}],"line":36}},"s":{"0":650,"1":650,"2":650,"3":650,"4":650,"5":650,"6":650,"7":650,"8":650,"9":650,"10":1,"11":9,"12":9,"13":0,"14":3451,"15":3451,"16":3451,"17":3451,"18":0,"19":3451},"f":{"0":650,"1":9,"2":0,"3":3451},"b":{"0":[3451,650],"1":[0,3451],"2":[3451,650,650],"3":[3451,650]},"_coverageSchema":"1a1c01bbd47fc00a2c39e90264f33305004495a9","hash":"56d8c849e066590896da466ee7221b0312e359f9","contentHash":"8e2150cf64c77c8fb4d0ac09c8c7207a9ca5df87c5fa74eb309628b0c037de2a"},"/Users/jessepiascik/projects/imdone-projects/imdone-core/lib/adapters/parsers/task/CardContentParser.js":{"path":"/Users/jessepiascik/projects/imdone-projects/imdone-core/lib/adapters/parsers/task/CardContentParser.js","statementMap":{"0":{"start":{"line":1,"column":12},"end":{"line":1,"column":26}},"1":{"start":{"line":2,"column":16},"end":{"line":2,"column":34}},"2":{"start":{"line":4,"column":19},"end":{"line":7,"column":1}},"3":{"start":{"line":8,"column":19},"end":{"line":12,"column":1}},"4":{"start":{"line":14,"column":29},"end":{"line":14,"column":32}},"5":{"start":{"line":15,"column":18},"end":{"line":15,"column":26}},"6":{"start":{"line":16,"column":16},"end":{"line":16,"column":25}},"7":{"start":{"line":17,"column":27},"end":{"line":17,"column":88}},"8":{"start":{"line":18,"column":26},"end":{"line":18,"column":45}},"9":{"start":{"line":19,"column":25},"end":{"line":22,"column":1}},"10":{"start":{"line":24,"column":20},"end":{"line":24,"column":40}},"11":{"start":{"line":27,"column":2},"end":{"line":34,"column":5}},"12":{"start":{"line":38,"column":20},"end":{"line":38,"column":43}},"13":{"start":{"line":39,"column":17},"end":{"line":39,"column":40}},"14":{"start":{"line":40,"column":2},"end":{"line":45,"column":10}},"15":{"start":{"line":49,"column":21},"end":{"line":49,"column":26}},"16":{"start":{"line":50,"column":2},"end":{"line":54,"column":4}},"17":{"start":{"line":51,"column":23},"end":{"line":51,"column":34}},"18":{"start":{"line":52,"column":4},"end":{"line":52,"column":56}},"19":{"start":{"line":52,"column":37},"end":{"line":52,"column":56}},"20":{"start":{"line":53,"column":4},"end":{"line":53,"column":37}},"21":{"start":{"line":58,"column":2},"end":{"line":58,"column":48}},"22":{"start":{"line":58,"column":36},"end":{"line":58,"column":48}},"23":{"start":{"line":60,"column":29},"end":{"line":61,"column":41}},"24":{"start":{"line":63,"column":2},"end":{"line":66,"column":3}},"25":{"start":{"line":64,"column":30},"end":{"line":64,"column":88}},"26":{"start":{"line":65,"column":4},"end":{"line":65,"column":28}},"27":{"start":{"line":68,"column":2},"end":{"line":68,"column":14}},"28":{"start":{"line":71,"column":44},"end":{"line":71,"column":45}},"29":{"start":{"line":74,"column":31},"end":{"line":75,"column":38}},"30":{"start":{"line":77,"column":2},"end":{"line":79,"column":41}},"31":{"start":{"line":83,"column":2},"end":{"line":83,"column":42}},"32":{"start":{"line":83,"column":36},"end":{"line":83,"column":42}},"33":{"start":{"line":85,"column":30},"end":{"line":85,"column":56}},"34":{"start":{"line":86,"column":2},"end":{"line":86,"column":34}},"35":{"start":{"line":86,"column":28},"end":{"line":86,"column":34}},"36":{"start":{"line":88,"column":24},"end":{"line":88,"column":44}},"37":{"start":{"line":89,"column":2},"end":{"line":89,"column":28}},"38":{"start":{"line":89,"column":22},"end":{"line":89,"column":28}},"39":{"start":{"line":91,"column":2},"end":{"line":91,"column":53}},"40":{"start":{"line":95,"column":25},"end":{"line":95,"column":75}},"41":{"start":{"line":96,"column":25},"end":{"line":96,"column":54}},"42":{"start":{"line":98,"column":23},"end":{"line":98,"column":33}},"43":{"start":{"line":103,"column":4},"end":{"line":106,"column":5}},"44":{"start":{"line":104,"column":23},"end":{"line":104,"column":84}},"45":{"start":{"line":105,"column":6},"end":{"line":105,"column":32}},"46":{"start":{"line":105,"column":20},"end":{"line":105,"column":32}},"47":{"start":{"line":107,"column":4},"end":{"line":107,"column":17}},"48":{"start":{"line":111,"column":2},"end":{"line":113,"column":3}},"49":{"start":{"line":112,"column":4},"end":{"line":112,"column":16}},"50":{"start":{"line":117,"column":2},"end":{"line":119,"column":3}},"51":{"start":{"line":118,"column":4},"end":{"line":118,"column":91}},"52":{"start":{"line":118,"column":39},"end":{"line":118,"column":89}},"53":{"start":{"line":122,"column":2},"end":{"line":124,"column":3}},"54":{"start":{"line":123,"column":4},"end":{"line":123,"column":91}},"55":{"start":{"line":123,"column":39},"end":{"line":123,"column":89}},"56":{"start":{"line":126,"column":2},"end":{"line":126,"column":15}},"57":{"start":{"line":130,"column":2},"end":{"line":130,"column":70}},"58":{"start":{"line":134,"column":2},"end":{"line":134,"column":63}},"59":{"start":{"line":138,"column":2},"end":{"line":138,"column":63}},"60":{"start":{"line":138,"column":45},"end":{"line":138,"column":63}},"61":{"start":{"line":139,"column":2},"end":{"line":141,"column":4}},"62":{"start":{"line":140,"column":4},"end":{"line":140,"column":57}},"63":{"start":{"line":145,"column":2},"end":{"line":147,"column":48}},"64":{"start":{"line":151,"column":29},"end":{"line":151,"column":59}},"65":{"start":{"line":152,"column":15},"end":{"line":152,"column":44}},"66":{"start":{"line":154,"column":2},"end":{"line":154,"column":28}},"67":{"start":{"line":154,"column":15},"end":{"line":154,"column":28}},"68":{"start":{"line":157,"column":23},"end":{"line":157,"column":33}},"69":{"start":{"line":159,"column":2},"end":{"line":163,"column":3}},"70":{"start":{"line":160,"column":4},"end":{"line":162,"column":5}},"71":{"start":{"line":161,"column":6},"end":{"line":161,"column":19}},"72":{"start":{"line":165,"column":2},"end":{"line":165,"column":39}},"73":{"start":{"line":172,"column":21},"end":{"line":172,"column":49}},"74":{"start":{"line":173,"column":2},"end":{"line":173,"column":24}},"75":{"start":{"line":173,"column":18},"end":{"line":173,"column":24}},"76":{"start":{"line":175,"column":25},"end":{"line":175,"column":57}},"77":{"start":{"line":176,"column":14},"end":{"line":176,"column":38}},"78":{"start":{"line":178,"column":4},"end":{"line":178,"column":71}},"79":{"start":{"line":179,"column":2},"end":{"line":179,"column":30}},"80":{"start":{"line":179,"column":24},"end":{"line":179,"column":30}},"81":{"start":{"line":181,"column":31},"end":{"line":181,"column":32}},"82":{"start":{"line":182,"column":32},"end":{"line":182,"column":33}},"83":{"start":{"line":183,"column":22},"end":{"line":183,"column":27}},"84":{"start":{"line":184,"column":30},"end":{"line":184,"column":32}},"85":{"start":{"line":185,"column":27},"end":{"line":185,"column":29}},"86":{"start":{"line":186,"column":2},"end":{"line":202,"column":3}},"87":{"start":{"line":186,"column":15},"end":{"line":186,"column":16}},"88":{"start":{"line":187,"column":15},"end":{"line":187,"column":23}},"89":{"start":{"line":189,"column":4},"end":{"line":190,"column":30}},"90":{"start":{"line":190,"column":6},"end":{"line":190,"column":30}},"91":{"start":{"line":191,"column":4},"end":{"line":192,"column":31}},"92":{"start":{"line":192,"column":6},"end":{"line":192,"column":31}},"93":{"start":{"line":194,"column":4},"end":{"line":194,"column":34}},"94":{"start":{"line":196,"column":4},"end":{"line":196,"column":43}},"95":{"start":{"line":196,"column":35},"end":{"line":196,"column":43}},"96":{"start":{"line":197,"column":4},"end":{"line":200,"column":5}},"97":{"start":{"line":198,"column":6},"end":{"line":198,"column":26}},"98":{"start":{"line":199,"column":6},"end":{"line":199,"column":11}},"99":{"start":{"line":201,"column":4},"end":{"line":201,"column":31}},"100":{"start":{"line":205,"column":2},"end":{"line":211,"column":29}},"101":{"start":{"line":211,"column":4},"end":{"line":211,"column":29}},"102":{"start":{"line":213,"column":31},"end":{"line":213,"column":63}},"103":{"start":{"line":215,"column":2},"end":{"line":219,"column":3}},"104":{"start":{"line":230,"column":21},"end":{"line":230,"column":49}},"105":{"start":{"line":231,"column":2},"end":{"line":231,"column":25}},"106":{"start":{"line":231,"column":19},"end":{"line":231,"column":25}},"107":{"start":{"line":233,"column":30},"end":{"line":233,"column":32}},"108":{"start":{"line":234,"column":14},"end":{"line":234,"column":38}},"109":{"start":{"line":235,"column":2},"end":{"line":253,"column":3}},"110":{"start":{"line":235,"column":15},"end":{"line":235,"column":16}},"111":{"start":{"line":236,"column":15},"end":{"line":236,"column":23}},"112":{"start":{"line":238,"column":4},"end":{"line":238,"column":54}},"113":{"start":{"line":238,"column":49},"end":{"line":238,"column":54}},"114":{"start":{"line":239,"column":4},"end":{"line":245,"column":11}},"115":{"start":{"line":245,"column":6},"end":{"line":245,"column":11}},"116":{"start":{"line":246,"column":4},"end":{"line":247,"column":11}},"117":{"start":{"line":247,"column":6},"end":{"line":247,"column":11}},"118":{"start":{"line":248,"column":4},"end":{"line":249,"column":11}},"119":{"start":{"line":249,"column":6},"end":{"line":249,"column":11}},"120":{"start":{"line":250,"column":4},"end":{"line":250,"column":75}},"121":{"start":{"line":250,"column":36},"end":{"line":250,"column":75}},"122":{"start":{"line":252,"column":4},"end":{"line":252,"column":34}},"123":{"start":{"line":254,"column":2},"end":{"line":257,"column":3}},"124":{"start":{"line":266,"column":21},"end":{"line":266,"column":49}},"125":{"start":{"line":267,"column":2},"end":{"line":267,"column":24}},"126":{"start":{"line":267,"column":18},"end":{"line":267,"column":24}},"127":{"start":{"line":269,"column":14},"end":{"line":269,"column":38}},"128":{"start":{"line":270,"column":26},"end":{"line":270,"column":75}},"129":{"start":{"line":271,"column":2},"end":{"line":271,"column":29}},"130":{"start":{"line":271,"column":23},"end":{"line":271,"column":29}},"131":{"start":{"line":273,"column":25},"end":{"line":273,"column":57}},"132":{"start":{"line":274,"column":23},"end":{"line":274,"column":77}},"133":{"start":{"line":275,"column":31},"end":{"line":275,"column":32}},"134":{"start":{"line":276,"column":32},"end":{"line":276,"column":33}},"135":{"start":{"line":277,"column":35},"end":{"line":277,"column":70}},"136":{"start":{"line":278,"column":30},"end":{"line":278,"column":31}},"137":{"start":{"line":279,"column":27},"end":{"line":279,"column":28}},"138":{"start":{"line":280,"column":30},"end":{"line":280,"column":32}},"139":{"start":{"line":281,"column":27},"end":{"line":281,"column":29}},"140":{"start":{"line":283,"column":20},"end":{"line":283,"column":25}},"141":{"start":{"line":285,"column":2},"end":{"line":319,"column":3}},"142":{"start":{"line":285,"column":15},"end":{"line":285,"column":16}},"143":{"start":{"line":286,"column":15},"end":{"line":286,"column":23}},"144":{"start":{"line":289,"column":4},"end":{"line":291,"column":5}},"145":{"start":{"line":290,"column":6},"end":{"line":290,"column":32}},"146":{"start":{"line":294,"column":4},"end":{"line":294,"column":58}},"147":{"start":{"line":294,"column":53},"end":{"line":294,"column":58}},"148":{"start":{"line":295,"column":4},"end":{"line":295,"column":55}},"149":{"start":{"line":295,"column":50},"end":{"line":295,"column":55}},"150":{"start":{"line":296,"column":4},"end":{"line":296,"column":74}},"151":{"start":{"line":296,"column":69},"end":{"line":296,"column":74}},"152":{"start":{"line":297,"column":4},"end":{"line":297,"column":51}},"153":{"start":{"line":297,"column":46},"end":{"line":297,"column":51}},"154":{"start":{"line":299,"column":4},"end":{"line":299,"column":34}},"155":{"start":{"line":300,"column":4},"end":{"line":300,"column":36}},"156":{"start":{"line":303,"column":4},"end":{"line":304,"column":30}},"157":{"start":{"line":304,"column":6},"end":{"line":304,"column":30}},"158":{"start":{"line":305,"column":4},"end":{"line":306,"column":31}},"159":{"start":{"line":306,"column":6},"end":{"line":306,"column":31}},"160":{"start":{"line":308,"column":26},"end":{"line":308,"column":44}},"161":{"start":{"line":310,"column":4},"end":{"line":318,"column":5}},"162":{"start":{"line":311,"column":6},"end":{"line":311,"column":29}},"163":{"start":{"line":312,"column":6},"end":{"line":315,"column":7}},"164":{"start":{"line":313,"column":8},"end":{"line":313,"column":53}},"165":{"start":{"line":314,"column":8},"end":{"line":314,"column":13}},"166":{"start":{"line":317,"column":6},"end":{"line":317,"column":31}},"167":{"start":{"line":321,"column":30},"end":{"line":321,"column":54}},"168":{"start":{"line":322,"column":32},"end":{"line":322,"column":57}},"169":{"start":{"line":323,"column":35},"end":{"line":323,"column":99}},"170":{"start":{"line":325,"column":2},"end":{"line":327,"column":3}},"171":{"start":{"line":326,"column":4},"end":{"line":326,"column":46}},"172":{"start":{"line":330,"column":2},"end":{"line":338,"column":3}},"173":{"start":{"line":336,"column":4},"end":{"line":336,"column":29}},"174":{"start":{"line":337,"column":4},"end":{"line":337,"column":26}},"175":{"start":{"line":340,"column":2},"end":{"line":346,"column":3}},"176":{"start":{"line":357,"column":2},"end":{"line":359,"column":69}},"177":{"start":{"line":372,"column":2},"end":{"line":381,"column":3}},"178":{"start":{"line":373,"column":4},"end":{"line":375,"column":7}},"179":{"start":{"line":377,"column":18},"end":{"line":377,"column":72}},"180":{"start":{"line":378,"column":4},"end":{"line":380,"column":14}},"181":{"start":{"line":385,"column":2},"end":{"line":385,"column":53}},"182":{"start":{"line":388,"column":0},"end":{"line":402,"column":1}}},"fnMap":{"0":{"name":"getHashStyleRegex","decl":{"start":{"line":26,"column":9},"end":{"line":26,"column":26}},"loc":{"start":{"line":26,"column":82},"end":{"line":35,"column":1}},"line":26},"1":{"name":"getCheckedData","decl":{"start":{"line":37,"column":9},"end":{"line":37,"column":23}},"loc":{"start":{"line":37,"column":33},"end":{"line":46,"column":1}},"line":37},"2":{"name":"getContentLines","decl":{"start":{"line":48,"column":9},"end":{"line":48,"column":24}},"loc":{"start":{"line":48,"column":34},"end":{"line":55,"column":1}},"line":48},"3":{"name":"(anonymous_3)","decl":{"start":{"line":50,"column":35},"end":{"line":50,"column":36}},"loc":{"start":{"line":50,"column":45},"end":{"line":54,"column":3}},"line":50},"4":{"name":"isCustomCardTerminator","decl":{"start":{"line":57,"column":9},"end":{"line":57,"column":31}},"loc":{"start":{"line":57,"column":46},"end":{"line":69,"column":1}},"line":57},"5":{"name":"getBlankLineTerminatorCount","decl":{"start":{"line":73,"column":9},"end":{"line":73,"column":36}},"loc":{"start":{"line":73,"column":45},"end":{"line":80,"column":1}},"line":73},"6":{"name":"isCheckBoxTask","decl":{"start":{"line":82,"column":9},"end":{"line":82,"column":23}},"loc":{"start":{"line":82,"column":51},"end":{"line":92,"column":1}},"line":82},"7":{"name":"hasTaskInText","decl":{"start":{"line":94,"column":9},"end":{"line":94,"column":22}},"loc":{"start":{"line":94,"column":49},"end":{"line":127,"column":1}},"line":94},"8":{"name":"isWithinInlineCode","decl":{"start":{"line":101,"column":11},"end":{"line":101,"column":29}},"loc":{"start":{"line":101,"column":37},"end":{"line":108,"column":3}},"line":101},"9":{"name":"(anonymous_9)","decl":{"start":{"line":118,"column":29},"end":{"line":118,"column":30}},"loc":{"start":{"line":118,"column":39},"end":{"line":118,"column":89}},"line":118},"10":{"name":"(anonymous_10)","decl":{"start":{"line":123,"column":29},"end":{"line":123,"column":30}},"loc":{"start":{"line":123,"column":39},"end":{"line":123,"column":89}},"line":123},"11":{"name":"isBeforeTextMarkdownList","decl":{"start":{"line":129,"column":9},"end":{"line":129,"column":33}},"loc":{"start":{"line":129,"column":46},"end":{"line":131,"column":1}},"line":129},"12":{"name":"isMarkdownListItem","decl":{"start":{"line":133,"column":9},"end":{"line":133,"column":27}},"loc":{"start":{"line":133,"column":34},"end":{"line":135,"column":1}},"line":133},"13":{"name":"padDescription","decl":{"start":{"line":137,"column":9},"end":{"line":137,"column":23}},"loc":{"start":{"line":137,"column":59},"end":{"line":142,"column":1}},"line":137},"14":{"name":"(anonymous_14)","decl":{"start":{"line":139,"column":25},"end":{"line":139,"column":26}},"loc":{"start":{"line":139,"column":35},"end":{"line":141,"column":3}},"line":139},"15":{"name":"isLineOutsideMarkdownList","decl":{"start":{"line":144,"column":9},"end":{"line":144,"column":34}},"loc":{"start":{"line":144,"column":53},"end":{"line":148,"column":1}},"line":144},"16":{"name":"hasCodeStyleTask","decl":{"start":{"line":150,"column":9},"end":{"line":150,"column":25}},"loc":{"start":{"line":150,"column":40},"end":{"line":166,"column":1}},"line":150},"17":{"name":"getCardTagsTaskContent","decl":{"start":{"line":168,"column":9},"end":{"line":168,"column":31}},"loc":{"start":{"line":171,"column":3},"end":{"line":220,"column":1}},"line":171},"18":{"name":"getCodeFileTaskContent","decl":{"start":{"line":223,"column":9},"end":{"line":223,"column":31}},"loc":{"start":{"line":229,"column":3},"end":{"line":258,"column":1}},"line":229},"19":{"name":"getTextFileTaskContent","decl":{"start":{"line":260,"column":9},"end":{"line":260,"column":31}},"loc":{"start":{"line":265,"column":3},"end":{"line":347,"column":1}},"line":265},"20":{"name":"getTaskContent","decl":{"start":{"line":349,"column":9},"end":{"line":349,"column":23}},"loc":{"start":{"line":356,"column":3},"end":{"line":360,"column":1}},"line":356},"21":{"name":"getRawTask","decl":{"start":{"line":362,"column":9},"end":{"line":362,"column":19}},"loc":{"start":{"line":371,"column":3},"end":{"line":382,"column":1}},"line":371},"22":{"name":"isNumber","decl":{"start":{"line":384,"column":9},"end":{"line":384,"column":17}},"loc":{"start":{"line":384,"column":26},"end":{"line":386,"column":1}},"line":384}},"branchMap":{"0":{"loc":{"start":{"line":26,"column":27},"end":{"line":26,"column":61}},"type":"default-arg","locations":[{"start":{"line":26,"column":41},"end":{"line":26,"column":61}}],"line":26},"1":{"loc":{"start":{"line":26,"column":63},"end":{"line":26,"column":80}},"type":"default-arg","locations":[{"start":{"line":26,"column":75},"end":{"line":26,"column":80}}],"line":26},"2":{"loc":{"start":{"line":27,"column":9},"end":{"line":34,"column":5}},"type":"cond-expr","locations":[{"start":{"line":28,"column":4},"end":{"line":30,"column":5}},{"start":{"line":31,"column":4},"end":{"line":34,"column":5}}],"line":27},"3":{"loc":{"start":{"line":40,"column":9},"end":{"line":45,"column":10}},"type":"cond-expr","locations":[{"start":{"line":41,"column":6},"end":{"line":44,"column":7}},{"start":{"line":45,"column":6},"end":{"line":45,"column":10}}],"line":40},"4":{"loc":{"start":{"line":52,"column":4},"end":{"line":52,"column":56}},"type":"if","locations":[{"start":{"line":52,"column":4},"end":{"line":52,"column":56}},{"start":{"line":52,"column":4},"end":{"line":52,"column":56}}],"line":52},"5":{"loc":{"start":{"line":52,"column":8},"end":{"line":52,"column":35}},"type":"binary-expr","locations":[{"start":{"line":52,"column":8},"end":{"line":52,"column":21}},{"start":{"line":52,"column":25},"end":{"line":52,"column":35}}],"line":52},"6":{"loc":{"start":{"line":53,"column":11},"end":{"line":53,"column":37}},"type":"binary-expr","locations":[{"start":{"line":53,"column":11},"end":{"line":53,"column":23}},{"start":{"line":53,"column":27},"end":{"line":53,"column":37}}],"line":53},"7":{"loc":{"start":{"line":58,"column":2},"end":{"line":58,"column":48}},"type":"if","locations":[{"start":{"line":58,"column":2},"end":{"line":58,"column":48}},{"start":{"line":58,"column":2},"end":{"line":58,"column":48}}],"line":58},"8":{"loc":{"start":{"line":60,"column":29},"end":{"line":61,"column":41}},"type":"binary-expr","locations":[{"start":{"line":60,"column":29},"end":{"line":60,"column":76}},{"start":{"line":61,"column":7},"end":{"line":61,"column":41}}],"line":60},"9":{"loc":{"start":{"line":63,"column":2},"end":{"line":66,"column":3}},"type":"if","locations":[{"start":{"line":63,"column":2},"end":{"line":66,"column":3}},{"start":{"line":63,"column":2},"end":{"line":66,"column":3}}],"line":63},"10":{"loc":{"start":{"line":64,"column":30},"end":{"line":64,"column":88}},"type":"binary-expr","locations":[{"start":{"line":64,"column":30},"end":{"line":64,"column":34}},{"start":{"line":64,"column":38},"end":{"line":64,"column":88}}],"line":64},"11":{"loc":{"start":{"line":74,"column":31},"end":{"line":75,"column":38}},"type":"binary-expr","locations":[{"start":{"line":74,"column":31},"end":{"line":74,"column":78}},{"start":{"line":75,"column":7},"end":{"line":75,"column":38}}],"line":74},"12":{"loc":{"start":{"line":77,"column":9},"end":{"line":79,"column":41}},"type":"cond-expr","locations":[{"start":{"line":78,"column":6},"end":{"line":78,"column":33}},{"start":{"line":79,"column":6},"end":{"line":79,"column":41}}],"line":77},"13":{"loc":{"start":{"line":83,"column":2},"end":{"line":83,"column":42}},"type":"if","locations":[{"start":{"line":83,"column":2},"end":{"line":83,"column":42}},{"start":{"line":83,"column":2},"end":{"line":83,"column":42}}],"line":83},"14":{"loc":{"start":{"line":86,"column":2},"end":{"line":86,"column":34}},"type":"if","locations":[{"start":{"line":86,"column":2},"end":{"line":86,"column":34}},{"start":{"line":86,"column":2},"end":{"line":86,"column":34}}],"line":86},"15":{"loc":{"start":{"line":89,"column":2},"end":{"line":89,"column":28}},"type":"if","locations":[{"start":{"line":89,"column":2},"end":{"line":89,"column":28}},{"start":{"line":89,"column":2},"end":{"line":89,"column":28}}],"line":89},"16":{"loc":{"start":{"line":104,"column":23},"end":{"line":104,"column":84}},"type":"binary-expr","locations":[{"start":{"line":104,"column":23},"end":{"line":104,"column":43}},{"start":{"line":104,"column":47},"end":{"line":104,"column":84}}],"line":104},"17":{"loc":{"start":{"line":105,"column":6},"end":{"line":105,"column":32}},"type":"if","locations":[{"start":{"line":105,"column":6},"end":{"line":105,"column":32}},{"start":{"line":105,"column":6},"end":{"line":105,"column":32}}],"line":105},"18":{"loc":{"start":{"line":111,"column":2},"end":{"line":113,"column":3}},"type":"if","locations":[{"start":{"line":111,"column":2},"end":{"line":113,"column":3}},{"start":{"line":111,"column":2},"end":{"line":113,"column":3}}],"line":111},"19":{"loc":{"start":{"line":111,"column":6},"end":{"line":111,"column":50}},"type":"binary-expr","locations":[{"start":{"line":111,"column":6},"end":{"line":111,"column":16}},{"start":{"line":111,"column":20},"end":{"line":111,"column":50}}],"line":111},"20":{"loc":{"start":{"line":117,"column":2},"end":{"line":119,"column":3}},"type":"if","locations":[{"start":{"line":117,"column":2},"end":{"line":119,"column":3}},{"start":{"line":117,"column":2},"end":{"line":119,"column":3}}],"line":117},"21":{"loc":{"start":{"line":117,"column":6},"end":{"line":117,"column":88}},"type":"binary-expr","locations":[{"start":{"line":117,"column":6},"end":{"line":117,"column":51}},{"start":{"line":117,"column":55},"end":{"line":117,"column":88}}],"line":117},"22":{"loc":{"start":{"line":122,"column":2},"end":{"line":124,"column":3}},"type":"if","locations":[{"start":{"line":122,"column":2},"end":{"line":124,"column":3}},{"start":{"line":122,"column":2},"end":{"line":124,"column":3}}],"line":122},"23":{"loc":{"start":{"line":122,"column":6},"end":{"line":122,"column":88}},"type":"binary-expr","locations":[{"start":{"line":122,"column":6},"end":{"line":122,"column":51}},{"start":{"line":122,"column":55},"end":{"line":122,"column":88}}],"line":122},"24":{"loc":{"start":{"line":137,"column":24},"end":{"line":137,"column":40}},"type":"default-arg","locations":[{"start":{"line":137,"column":38},"end":{"line":137,"column":40}}],"line":137},"25":{"loc":{"start":{"line":137,"column":42},"end":{"line":137,"column":57}},"type":"default-arg","locations":[{"start":{"line":137,"column":55},"end":{"line":137,"column":57}}],"line":137},"26":{"loc":{"start":{"line":138,"column":2},"end":{"line":138,"column":63}},"type":"if","locations":[{"start":{"line":138,"column":2},"end":{"line":138,"column":63}},{"start":{"line":138,"column":2},"end":{"line":138,"column":63}}],"line":138},"27":{"loc":{"start":{"line":145,"column":9},"end":{"line":147,"column":48}},"type":"binary-expr","locations":[{"start":{"line":145,"column":9},"end":{"line":145,"column":45}},{"start":{"line":146,"column":4},"end":{"line":146,"column":28}},{"start":{"line":147,"column":4},"end":{"line":147,"column":48}}],"line":145},"28":{"loc":{"start":{"line":154,"column":2},"end":{"line":154,"column":28}},"type":"if","locations":[{"start":{"line":154,"column":2},"end":{"line":154,"column":28}},{"start":{"line":154,"column":2},"end":{"line":154,"column":28}}],"line":154},"29":{"loc":{"start":{"line":160,"column":4},"end":{"line":162,"column":5}},"type":"if","locations":[{"start":{"line":160,"column":4},"end":{"line":162,"column":5}},{"start":{"line":160,"column":4},"end":{"line":162,"column":5}}],"line":160},"30":{"loc":{"start":{"line":160,"column":8},"end":{"line":160,"column":83}},"type":"binary-expr","locations":[{"start":{"line":160,"column":8},"end":{"line":160,"column":35}},{"start":{"line":160,"column":39},"end":{"line":160,"column":83}}],"line":160},"31":{"loc":{"start":{"line":173,"column":2},"end":{"line":173,"column":24}},"type":"if","locations":[{"start":{"line":173,"column":2},"end":{"line":173,"column":24}},{"start":{"line":173,"column":2},"end":{"line":173,"column":24}}],"line":173},"32":{"loc":{"start":{"line":178,"column":4},"end":{"line":178,"column":71}},"type":"binary-expr","locations":[{"start":{"line":178,"column":4},"end":{"line":178,"column":18}},{"start":{"line":178,"column":22},"end":{"line":178,"column":38}},{"start":{"line":178,"column":42},"end":{"line":178,"column":71}}],"line":178},"33":{"loc":{"start":{"line":179,"column":2},"end":{"line":179,"column":30}},"type":"if","locations":[{"start":{"line":179,"column":2},"end":{"line":179,"column":30}},{"start":{"line":179,"column":2},"end":{"line":179,"column":30}}],"line":179},"34":{"loc":{"start":{"line":189,"column":4},"end":{"line":190,"column":30}},"type":"if","locations":[{"start":{"line":189,"column":4},"end":{"line":190,"column":30}},{"start":{"line":189,"column":4},"end":{"line":190,"column":30}}],"line":189},"35":{"loc":{"start":{"line":189,"column":8},"end":{"line":189,"column":58}},"type":"binary-expr","locations":[{"start":{"line":189,"column":8},"end":{"line":189,"column":22}},{"start":{"line":189,"column":26},"end":{"line":189,"column":58}}],"line":189},"36":{"loc":{"start":{"line":191,"column":4},"end":{"line":192,"column":31}},"type":"if","locations":[{"start":{"line":191,"column":4},"end":{"line":192,"column":31}},{"start":{"line":191,"column":4},"end":{"line":192,"column":31}}],"line":191},"37":{"loc":{"start":{"line":191,"column":8},"end":{"line":191,"column":57}},"type":"binary-expr","locations":[{"start":{"line":191,"column":8},"end":{"line":191,"column":22}},{"start":{"line":191,"column":26},"end":{"line":191,"column":57}}],"line":191},"38":{"loc":{"start":{"line":196,"column":4},"end":{"line":196,"column":43}},"type":"if","locations":[{"start":{"line":196,"column":4},"end":{"line":196,"column":43}},{"start":{"line":196,"column":4},"end":{"line":196,"column":43}}],"line":196},"39":{"loc":{"start":{"line":197,"column":4},"end":{"line":200,"column":5}},"type":"if","locations":[{"start":{"line":197,"column":4},"end":{"line":200,"column":5}},{"start":{"line":197,"column":4},"end":{"line":200,"column":5}}],"line":197},"40":{"loc":{"start":{"line":205,"column":2},"end":{"line":211,"column":29}},"type":"if","locations":[{"start":{"line":205,"column":2},"end":{"line":211,"column":29}},{"start":{"line":205,"column":2},"end":{"line":211,"column":29}}],"line":205},"41":{"loc":{"start":{"line":206,"column":4},"end":{"line":209,"column":54}},"type":"binary-expr","locations":[{"start":{"line":206,"column":4},"end":{"line":206,"column":18}},{"start":{"line":207,"column":4},"end":{"line":207,"column":30}},{"start":{"line":208,"column":4},"end":{"line":208,"column":72}},{"start":{"line":209,"column":4},"end":{"line":209,"column":54}}],"line":206},"42":{"loc":{"start":{"line":213,"column":31},"end":{"line":213,"column":63}},"type":"binary-expr","locations":[{"start":{"line":213,"column":31},"end":{"line":213,"column":46}},{"start":{"line":213,"column":50},"end":{"line":213,"column":63}}],"line":213},"43":{"loc":{"start":{"line":231,"column":2},"end":{"line":231,"column":25}},"type":"if","locations":[{"start":{"line":231,"column":2},"end":{"line":231,"column":25}},{"start":{"line":231,"column":2},"end":{"line":231,"column":25}}],"line":231},"44":{"loc":{"start":{"line":238,"column":4},"end":{"line":238,"column":54}},"type":"if","locations":[{"start":{"line":238,"column":4},"end":{"line":238,"column":54}},{"start":{"line":238,"column":4},"end":{"line":238,"column":54}}],"line":238},"45":{"loc":{"start":{"line":239,"column":4},"end":{"line":245,"column":11}},"type":"if","locations":[{"start":{"line":239,"column":4},"end":{"line":245,"column":11}},{"start":{"line":239,"column":4},"end":{"line":245,"column":11}}],"line":239},"46":{"loc":{"start":{"line":240,"column":6},"end":{"line":243,"column":34}},"type":"binary-expr","locations":[{"start":{"line":240,"column":6},"end":{"line":240,"column":21}},{"start":{"line":241,"column":7},"end":{"line":241,"column":36}},{"start":{"line":242,"column":6},"end":{"line":242,"column":42}},{"start":{"line":243,"column":6},"end":{"line":243,"column":33}}],"line":240},"47":{"loc":{"start":{"line":246,"column":4},"end":{"line":247,"column":11}},"type":"if","locations":[{"start":{"line":246,"column":4},"end":{"line":247,"column":11}},{"start":{"line":246,"column":4},"end":{"line":247,"column":11}}],"line":246},"48":{"loc":{"start":{"line":246,"column":8},"end":{"line":246,"column":52}},"type":"binary-expr","locations":[{"start":{"line":246,"column":8},"end":{"line":246,"column":18}},{"start":{"line":246,"column":22},"end":{"line":246,"column":52}}],"line":246},"49":{"loc":{"start":{"line":248,"column":4},"end":{"line":249,"column":11}},"type":"if","locations":[{"start":{"line":248,"column":4},"end":{"line":249,"column":11}},{"start":{"line":248,"column":4},"end":{"line":249,"column":11}}],"line":248},"50":{"loc":{"start":{"line":248,"column":8},"end":{"line":248,"column":55}},"type":"binary-expr","locations":[{"start":{"line":248,"column":8},"end":{"line":248,"column":18}},{"start":{"line":248,"column":22},"end":{"line":248,"column":55}}],"line":248},"51":{"loc":{"start":{"line":250,"column":4},"end":{"line":250,"column":75}},"type":"if","locations":[{"start":{"line":250,"column":4},"end":{"line":250,"column":75}},{"start":{"line":250,"column":4},"end":{"line":250,"column":75}}],"line":250},"52":{"loc":{"start":{"line":250,"column":8},"end":{"line":250,"column":34}},"type":"binary-expr","locations":[{"start":{"line":250,"column":8},"end":{"line":250,"column":12}},{"start":{"line":250,"column":16},"end":{"line":250,"column":20}},{"start":{"line":250,"column":24},"end":{"line":250,"column":34}}],"line":250},"53":{"loc":{"start":{"line":267,"column":2},"end":{"line":267,"column":24}},"type":"if","locations":[{"start":{"line":267,"column":2},"end":{"line":267,"column":24}},{"start":{"line":267,"column":2},"end":{"line":267,"column":24}}],"line":267},"54":{"loc":{"start":{"line":270,"column":26},"end":{"line":270,"column":75}},"type":"binary-expr","locations":[{"start":{"line":270,"column":26},"end":{"line":270,"column":42}},{"start":{"line":270,"column":46},"end":{"line":270,"column":75}}],"line":270},"55":{"loc":{"start":{"line":271,"column":2},"end":{"line":271,"column":29}},"type":"if","locations":[{"start":{"line":271,"column":2},"end":{"line":271,"column":29}},{"start":{"line":271,"column":2},"end":{"line":271,"column":29}}],"line":271},"56":{"loc":{"start":{"line":274,"column":23},"end":{"line":274,"column":77}},"type":"binary-expr","locations":[{"start":{"line":274,"column":23},"end":{"line":274,"column":37}},{"start":{"line":274,"column":41},"end":{"line":274,"column":77}}],"line":274},"57":{"loc":{"start":{"line":289,"column":4},"end":{"line":291,"column":5}},"type":"if","locations":[{"start":{"line":289,"column":4},"end":{"line":291,"column":5}},{"start":{"line":289,"column":4},"end":{"line":291,"column":5}}],"line":289},"58":{"loc":{"start":{"line":289,"column":8},"end":{"line":289,"column":55}},"type":"binary-expr","locations":[{"start":{"line":289,"column":8},"end":{"line":289,"column":22}},{"start":{"line":289,"column":26},"end":{"line":289,"column":55}}],"line":289},"59":{"loc":{"start":{"line":294,"column":4},"end":{"line":294,"column":58}},"type":"if","locations":[{"start":{"line":294,"column":4},"end":{"line":294,"column":58}},{"start":{"line":294,"column":4},"end":{"line":294,"column":58}}],"line":294},"60":{"loc":{"start":{"line":294,"column":8},"end":{"line":294,"column":51}},"type":"binary-expr","locations":[{"start":{"line":294,"column":8},"end":{"line":294,"column":20}},{"start":{"line":294,"column":24},"end":{"line":294,"column":51}}],"line":294},"61":{"loc":{"start":{"line":295,"column":4},"end":{"line":295,"column":55}},"type":"if","locations":[{"start":{"line":295,"column":4},"end":{"line":295,"column":55}},{"start":{"line":295,"column":4},"end":{"line":295,"column":55}}],"line":295},"62":{"loc":{"start":{"line":296,"column":4},"end":{"line":296,"column":74}},"type":"if","locations":[{"start":{"line":296,"column":4},"end":{"line":296,"column":74}},{"start":{"line":296,"column":4},"end":{"line":296,"column":74}}],"line":296},"63":{"loc":{"start":{"line":296,"column":8},"end":{"line":296,"column":67}},"type":"binary-expr","locations":[{"start":{"line":296,"column":8},"end":{"line":296,"column":20}},{"start":{"line":296,"column":24},"end":{"line":296,"column":67}}],"line":296},"64":{"loc":{"start":{"line":297,"column":4},"end":{"line":297,"column":51}},"type":"if","locations":[{"start":{"line":297,"column":4},"end":{"line":297,"column":51}},{"start":{"line":297,"column":4},"end":{"line":297,"column":51}}],"line":297},"65":{"loc":{"start":{"line":303,"column":4},"end":{"line":304,"column":30}},"type":"if","locations":[{"start":{"line":303,"column":4},"end":{"line":304,"column":30}},{"start":{"line":303,"column":4},"end":{"line":304,"column":30}}],"line":303},"66":{"loc":{"start":{"line":303,"column":8},"end":{"line":303,"column":58}},"type":"binary-expr","locations":[{"start":{"line":303,"column":8},"end":{"line":303,"column":22}},{"start":{"line":303,"column":26},"end":{"line":303,"column":58}}],"line":303},"67":{"loc":{"start":{"line":305,"column":4},"end":{"line":306,"column":31}},"type":"if","locations":[{"start":{"line":305,"column":4},"end":{"line":306,"column":31}},{"start":{"line":305,"column"
[...]
decl":{"start":{"line":152,"column":14},"end":{"line":152,"column":15}},"loc":{"start":{"line":152,"column":24},"end":{"line":152,"column":66}},"line":152},"26":{"name":"(anonymous_26)","decl":{"start":{"line":154,"column":15},"end":{"line":154,"column":16}},"loc":{"start":{"line":154,"column":25},"end":{"line":172,"column":7}},"line":154},"27":{"name":"(anonymous_27)","decl":{"start":{"line":161,"column":15},"end":{"line":161,"column":16}},"loc":{"start":{"line":161,"column":25},"end":{"line":169,"column":11}},"line":161}},"branchMap":{"0":{"loc":{"start":{"line":4,"column":9},"end":{"line":4,"column":78}},"type":"binary-expr","locations":[{"start":{"line":4,"column":9},"end":{"line":4,"column":21}},{"start":{"line":4,"column":25},"end":{"line":4,"column":48}},{"start":{"line":4,"column":52},"end":{"line":4,"column":78}}],"line":4},"1":{"loc":{"start":{"line":8,"column":9},"end":{"line":8,"column":72}},"type":"binary-expr","locations":[{"start":{"line":8,"column":9},"end":{"line":8,"column":21}},{"start":{"line":8,"column":25},"end":{"line":8,"column":45}},{"start":{"line":8,"column":49},"end":{"line":8,"column":72}}],"line":8},"2":{"loc":{"start":{"line":35,"column":4},"end":{"line":35,"column":40}},"type":"if","locations":[{"start":{"line":35,"column":4},"end":{"line":35,"column":40}},{"start":{"line":35,"column":4},"end":{"line":35,"column":40}}],"line":35},"3":{"loc":{"start":{"line":35,"column":8},"end":{"line":35,"column":32}},"type":"binary-expr","locations":[{"start":{"line":35,"column":8},"end":{"line":35,"column":19}},{"start":{"line":35,"column":23},"end":{"line":35,"column":32}}],"line":35},"4":{"loc":{"start":{"line":37,"column":4},"end":{"line":45,"column":5}},"type":"if","locations":[{"start":{"line":37,"column":4},"end":{"line":45,"column":5}},{"start":{"line":37,"column":4},"end":{"line":45,"column":5}}],"line":37},"5":{"loc":{"start":{"line":37,"column":8},"end":{"line":37,"column":30}},"type":"binary-expr","locations":[{"start":{"line":37,"column":8},"end":{"line":37,"column":18}},{"start":{"line":37,"column":22},"end":{"line":37,"column":30}}],"line":37},"6":{"loc":{"start":{"line":41,"column":11},"end":{"line":45,"column":5}},"type":"if","locations":[{"start":{"line":41,"column":11},"end":{"line":45,"column":5}},{"start":{"line":41,"column":11},"end":{"line":45,"column":5}}],"line":41},"7":{"loc":{"start":{"line":43,"column":11},"end":{"line":45,"column":5}},"type":"if","locations":[{"start":{"line":43,"column":11},"end":{"line":45,"column":5}},{"start":{"line":43,"column":11},"end":{"line":45,"column":5}}],"line":43},"8":{"loc":{"start":{"line":49,"column":4},"end":{"line":53,"column":5}},"type":"if","locations":[{"start":{"line":49,"column":4},"end":{"line":53,"column":5}},{"start":{"line":49,"column":4},"end":{"line":53,"column":5}}],"line":49},"9":{"loc":{"start":{"line":64,"column":4},"end":{"line":64,"column":79}},"type":"if","locations":[{"start":{"line":64,"column":4},"end":{"line":64,"column":79}},{"start":{"line":64,"column":4},"end":{"line":64,"column":79}}],"line":64},"10":{"loc":{"start":{"line":65,"column":4},"end":{"line":65,"column":81}},"type":"if","locations":[{"start":{"line":65,"column":4},"end":{"line":65,"column":81}},{"start":{"line":65,"column":4},"end":{"line":65,"column":81}}],"line":65},"11":{"loc":{"start":{"line":102,"column":6},"end":{"line":102,"column":23}},"type":"if","locations":[{"start":{"line":102,"column":6},"end":{"line":102,"column":23}},{"start":{"line":102,"column":6},"end":{"line":102,"column":23}}],"line":102},"12":{"loc":{"start":{"line":103,"column":6},"end":{"line":103,"column":40}},"type":"if","locations":[{"start":{"line":103,"column":6},"end":{"line":103,"column":40}},{"start":{"line":103,"column":6},"end":{"line":103,"column":40}}],"line":103},"13":{"loc":{"start":{"line":104,"column":6},"end":{"line":110,"column":7}},"type":"if","locations":[{"start":{"line":104,"column":6},"end":{"line":110,"column":7}},{"start":{"line":104,"column":6},"end":{"line":110,"column":7}}],"line":104},"14":{"loc":{"start":{"line":105,"column":8},"end":{"line":107,"column":47}},"type":"binary-expr","locations":[{"start":{"line":105,"column":8},"end":{"line":105,"column":43}},{"start":{"line":106,"column":9},"end":{"line":106,"column":44}},{"start":{"line":107,"column":10},"end":{"line":107,"column":46}}],"line":105},"15":{"loc":{"start":{"line":131,"column":8},"end":{"line":135,"column":26}},"type":"cond-expr","locations":[{"start":{"line":132,"column":12},"end":{"line":132,"column":22}},{"start":{"line":133,"column":12},"end":{"line":135,"column":26}}],"line":131},"16":{"loc":{"start":{"line":137,"column":6},"end":{"line":140,"column":7}},"type":"if","locations":[{"start":{"line":137,"column":6},"end":{"line":140,"column":7}},{"start":{"line":137,"column":6},"end":{"line":140,"column":7}}],"line":137},"17":{"loc":{"start":{"line":137,"column":10},"end":{"line":137,"column":65}},"type":"binary-expr","locations":[{"start":{"line":137,"column":10},"end":{"line":137,"column":27}},{"start":{"line":137,"column":31},"end":{"line":137,"column":65}}],"line":137},"18":{"loc":{"start":{"line":164,"column":14},"end":{"line":164,"column":74}},"type":"cond-expr","locations":[{"start":{"line":164,"column":52},"end":{"line":164,"column":69}},{"start":{"line":164,"column":72},"end":{"line":164,"column":74}}],"line":164}},"s":{"0":150,"1":16055,"2":16055,"3":150,"4":150,"5":150,"6":4,"7":4,"8":4,"9":4,"10":4,"11":16055,"12":16055,"13":16055,"14":15655,"15":400,"16":0,"17":0,"18":0,"19":400,"20":299,"21":101,"22":101,"23":400,"24":53,"25":101,"26":101,"27":299,"28":299,"29":299,"30":68,"31":299,"32":430,"33":90,"34":209,"35":4,"36":2,"37":2,"38":614,"39":2,"40":0,"41":0,"42":0,"43":0,"44":4,"45":2,"46":2,"47":2,"48":0,"49":2,"50":0,"51":2,"52":0,"53":2,"54":2,"55":2,"56":2,"57":2,"58":2,"59":2,"60":5,"61":5,"62":2,"63":2,"64":0,"65":0,"66":0,"67":2,"68":2,"69":2,"70":2,"71":12,"72":2,"73":2,"74":2,"75":2,"76":2,"77":2,"78":5,"79":5,"80":5,"81":5,"82":2,"83":2},"f":{"0":16055,"1":16055,"2":150,"3":4,"4":4,"5":16055,"6":400,"7":101,"8":299,"9":430,"10":4,"11":2,"12":2,"13":614,"14":2,"15":0,"16":0,"17":0,"18":0,"19":4,"20":2,"21":2,"22":5,"23":0,"24":2,"25":12,"26":2,"27":5},"b":{"0":[16055,16055,101],"1":[16055,16055,299],"2":[15655,400],"3":[16055,15954],"4":[0,400],"5":[400,101],"6":[299,101],"7":[101,0],"8":[53,347],"9":[68,231],"10":[90,209],"11":[0,2],"12":[0,2],"13":[0,2],"14":[2,0,0],"15":[0,2],"16":[0,2],"17":[2,0],"18":[0,5]},"_coverageSchema":"1a1c01bbd47fc00a2c39e90264f33305004495a9","hash":"5f17a0b705ea9a4945bed8a6a66b7685ca6dbe1a","contentHash":"8b11114727bb923ed5f34b668823273cae2d637e81d61b423fe553c400db444b"},"/Users/jessepiascik/projects/imdone-projects/imdone-core/lib/plugins/extension-plugin.js":{"path":"/Users/jessepiascik/projects/imdone-projects/imdone-core/lib/plugins/extension-plugin.js","statementMap":{"0":{"start":{"line":1,"column":15},"end":{"line":1,"column":36}},"1":{"start":{"line":2,"column":14},"end":{"line":2,"column":29}},"2":{"start":{"line":3,"column":21},"end":{"line":3,"column":34}},"3":{"start":{"line":5,"column":0},"end":{"line":87,"column":1}},"4":{"start":{"line":7,"column":4},"end":{"line":7,"column":18}},"5":{"start":{"line":8,"column":4},"end":{"line":8,"column":37}},"6":{"start":{"line":9,"column":4},"end":{"line":9,"column":56}},"7":{"start":{"line":11,"column":4},"end":{"line":15,"column":5}},"8":{"start":{"line":12,"column":12},"end":{"line":12,"column":14}},"9":{"start":{"line":16,"column":4},"end":{"line":20,"column":5}},"10":{"start":{"line":17,"column":12},"end":{"line":17,"column":14}},"11":{"start":{"line":21,"column":4},"end":{"line":27,"column":5}},"12":{"start":{"line":23,"column":8},"end":{"line":23,"column":17}},"13":{"start":{"line":28,"column":4},"end":{"line":34,"column":5}},"14":{"start":{"line":30,"column":8},"end":{"line":30,"column":17}},"15":{"start":{"line":38,"column":4},"end":{"line":38,"column":44}},"16":{"start":{"line":42,"column":4},"end":{"line":42,"column":47}},"17":{"start":{"line":46,"column":4},"end":{"line":46,"column":41}},"18":{"start":{"line":50,"column":4},"end":{"line":56,"column":7}},"19":{"start":{"line":50,"column":79},"end":{"line":56,"column":5}},"20":{"start":{"line":60,"column":4},"end":{"line":60,"column":54}},"21":{"start":{"line":64,"column":20},"end":{"line":64,"column":28}},"22":{"start":{"line":65,"column":26},"end":{"line":65,"column":50}},"23":{"start":{"line":66,"column":4},"end":{"line":76,"column":5}},"24":{"start":{"line":67,"column":6},"end":{"line":67,"column":37}},"25":{"start":{"line":68,"column":6},"end":{"line":68,"column":58}},"26":{"start":{"line":69,"column":6},"end":{"line":69,"column":40}},"27":{"start":{"line":71,"column":6},"end":{"line":75,"column":7}},"28":{"start":{"line":72,"column":8},"end":{"line":72,"column":60}},"29":{"start":{"line":74,"column":8},"end":{"line":74,"column":24}},"30":{"start":{"line":78,"column":4},"end":{"line":83,"column":5}},"31":{"start":{"line":79,"column":6},"end":{"line":81,"column":7}},"32":{"start":{"line":82,"column":6},"end":{"line":82,"column":26}},"33":{"start":{"line":85,"column":4},"end":{"line":85,"column":20}}},"fnMap":{"0":{"name":"(anonymous_0)","decl":{"start":{"line":6,"column":2},"end":{"line":6,"column":3}},"loc":{"start":{"line":6,"column":23},"end":{"line":35,"column":3}},"line":6},"1":{"name":"(anonymous_1)","decl":{"start":{"line":12,"column":6},"end":{"line":12,"column":7}},"loc":{"start":{"line":12,"column":12},"end":{"line":12,"column":14}},"line":12},"2":{"name":"(anonymous_2)","decl":{"start":{"line":17,"column":6},"end":{"line":17,"column":7}},"loc":{"start":{"line":17,"column":12},"end":{"line":17,"column":14}},"line":17},"3":{"name":"(anonymous_3)","decl":{"start":{"line":22,"column":6},"end":{"line":22,"column":7}},"loc":{"start":{"line":22,"column":12},"end":{"line":24,"column":7}},"line":22},"4":{"name":"(anonymous_4)","decl":{"start":{"line":29,"column":6},"end":{"line":29,"column":7}},"loc":{"start":{"line":29,"column":12},"end":{"line":31,"column":7}},"line":29},"5":{"name":"(anonymous_5)","decl":{"start":{"line":37,"column":2},"end":{"line":37,"column":3}},"loc":{"start":{"line":37,"column":26},"end":{"line":39,"column":3}},"line":37},"6":{"name":"(anonymous_6)","decl":{"start":{"line":41,"column":2},"end":{"line":41,"column":3}},"loc":{"start":{"line":41,"column":29},"end":{"line":43,"column":3}},"line":41},"7":{"name":"(anonymous_7)","decl":{"start":{"line":45,"column":2},"end":{"line":45,"column":3}},"loc":{"start":{"line":45,"column":23},"end":{"line":47,"column":3}},"line":45},"8":{"name":"(anonymous_8)","decl":{"start":{"line":49,"column":2},"end":{"line":49,"column":3}},"loc":{"start":{"line":49,"column":20},"end":{"line":57,"column":3}},"line":49},"9":{"name":"(anonymous_9)","decl":{"start":{"line":50,"column":43},"end":{"line":50,"column":44}},"loc":{"start":{"line":50,"column":79},"end":{"line":56,"column":5}},"line":50},"10":{"name":"(anonymous_10)","decl":{"start":{"line":59,"column":2},"end":{"line":59,"column":3}},"loc":{"start":{"line":59,"column":30},"end":{"line":61,"column":3}},"line":59},"11":{"name":"(anonymous_11)","decl":{"start":{"line":63,"column":2},"end":{"line":63,"column":3}},"loc":{"start":{"line":63,"column":41},"end":{"line":86,"column":3}},"line":63}},"branchMap":{"0":{"loc":{"start":{"line":71,"column":6},"end":{"line":75,"column":7}},"type":"if","locations":[{"start":{"line":71,"column":6},"end":{"line":75,"column":7}},{"start":{"line":71,"column":6},"end":{"line":75,"column":7}}],"line":71},"1":{"loc":{"start":{"line":78,"column":4},"end":{"line":83,"column":5}},"type":"if","locations":[{"start":{"line":78,"column":4},"end":{"line":83,"column":5}},{"start":{"line":78,"column":4},"end":{"line":83,"column":5}}],"line":78}},"s":{"0":150,"1":150,"2":150,"3":150,"4":150,"5":150,"6":150,"7":150,"8":15826,"9":150,"10":2,"11":150,"12":15826,"13":150,"14":158,"15":16055,"16":158,"17":16055,"18":4,"19":0,"20":600,"21":600,"22":600,"23":600,"24":600,"25":15,"26":15,"27":585,"28":585,"29":0,"30":600,"31":0,"32":0,"33":600},"f":{"0":150,"1":15826,"2":2,"3":15826,"4":158,"5":16055,"6":158,"7":16055,"8":4,"9":0,"10":600,"11":600},"b":{"0":[585,0],"1":[0,600]},"_coverageSchema":"1a1c01bbd47fc00a2c39e90264f33305004495a9","hash":"d445c142dbc498e4fef153c7c030f5b5a0bb973f","contentHash":"63043ec016eb7f6d2b467abad02e9d35148c20ba56d83056f20a82d3a44cf0ff"},"/Users/jessepiascik/projects/imdone-projects/imdone-core/tmp/repos/default-cards/.imdone/actions/card.js":{"path":"/Users/jessepiascik/projects/imdone-projects/imdone-core/tmp/repos/default-cards/.imdone/actions/card.js","statementMap":{"0":{"start":{"line":1,"column":0},"end":{"line":4,"column":1}},"1":{"start":{"line":2,"column":18},"end":{"line":2,"column":30}},"2":{"start":{"line":3,"column":2},"end":{"line":3,"column":11}}},"fnMap":{"0":{"name":"(anonymous_0)","decl":{"start":{"line":1,"column":17},"end":{"line":1,"column":18}},"loc":{"start":{"line":1,"column":33},"end":{"line":4,"column":1}},"line":1}},"branchMap":{},"s":{"0":5,"1":229,"2":229},"f":{"0":229},"b":{},"_coverageSchema":"1a1c01bbd47fc00a2c39e90264f33305004495a9","hash":"f36509a5f2a738c28b99c7153ec824c7a8f2b686","contentHash":"ae1cc40e89afab61a57695db3609a8e82fee981c0c66246e33e01357cc1bda32"},"/Users/jessepiascik/projects/imdone-projects/imdone-core/tmp/repos/default-cards/.imdone/actions/board.js":{"path":"/Users/jessepiascik/projects/imdone-projects/imdone-core/tmp/repos/default-cards/.imdone/actions/board.js","statementMap":{"0":{"start":{"line":1,"column":0},"end":{"line":4,"column":1}},"1":{"start":{"line":2,"column":18},"end":{"line":2,"column":30}},"2":{"start":{"line":3,"column":2},"end":{"line":3,"column":11}}},"fnMap":{"0":{"name":"(anonymous_0)","decl":{"start":{"line":1,"column":17},"end":{"line":1,"column":18}},"loc":{"start":{"line":1,"column":29},"end":{"line":4,"column":1}},"line":1}},"branchMap":{},"s":{"0":5,"1":2,"2":2},"f":{"0":2},"b":{},"_coverageSchema":"1a1c01bbd47fc00a2c39e90264f33305004495a9","hash":"c2b7e9c3cfa4f40177443b5865197a1288312e14","contentHash":"0a17e5666faddc6f731bf3e65d2b321dc0d933ce31f719df432e0698a3388565"},"/Users/jessepiascik/projects/imdone-projects/imdone-core/tmp/repos/default-cards/.imdone/properties/card.js":{"path":"/Users/jessepiascik/projects/imdone-projects/imdone-core/tmp/repos/default-cards/.imdone/properties/card.js","statementMap":{"0":{"start":{"line":1,"column":0},"end":{"line":11,"column":1}},"1":{"start":{"line":2,"column":2},"end":{"line":10,"column":3}},"2":{"start":{"line":13,"column":14},"end":{"line":18,"column":1}},"3":{"start":{"line":21,"column":2},"end":{"line":21,"column":58}},"4":{"start":{"line":25,"column":14},"end":{"line":25,"column":35}},"5":{"start":{"line":26,"column":14},"end":{"line":26,"column":24}},"6":{"start":{"line":27,"column":2},"end":{"line":31,"column":3}},"7":{"start":{"line":28,"column":4},"end":{"line":28,"column":21}},"8":{"start":{"line":29,"column":9},"end":{"line":31,"column":3}},"9":{"start":{"line":30,"column":4},"end":{"line":30,"column":23}},"10":{"start":{"line":32,"column":2},"end":{"line":32,"column":27}},"11":{"start":{"line":36,"column":28},"end":{"line":36,"column":56}},"12":{"start":{"line":37,"column":14},"end":{"line":37,"column":24}},"13":{"start":{"line":38,"column":2},"end":{"line":42,"column":3}},"14":{"start":{"line":39,"column":4},"end":{"line":39,"column":23}},"15":{"start":{"line":40,"column":9},"end":{"line":42,"column":3}},"16":{"start":{"line":41,"column":4},"end":{"line":41,"column":21}},"17":{"start":{"line":43,"column":2},"end":{"line":43,"column":27}},"18":{"start":{"line":47,"column":16},"end":{"line":47,"column":31}},"19":{"start":{"line":48,"column":14},"end":{"line":48,"column":24}},"20":{"start":{"line":49,"column":2},"end":{"line":55,"column":3}},"21":{"start":{"line":50,"column":4},"end":{"line":50,"column":21}},"22":{"start":{"line":51,"column":9},"end":{"line":55,"column":3}},"23":{"start":{"line":52,"column":4},"end":{"line":52,"column":23}},"24":{"start":{"line":53,"column":9},"end":{"line":55,"column":3}},"25":{"start":{"line":54,"column":4},"end":{"line":54,"column":23}},"26":{"start":{"line":56,"column":2},"end":{"line":56,"column":27}},"27":{"start":{"line":60,"column":14},"end":{"line":60,"column":15}},"28":{"start":{"line":61,"column":2},"end":{"line":63,"column":4}},"29":{"start":{"line":62,"column":4},"end":{"line":62,"column":25}},"30":{"start":{"line":64,"column":2},"end":{"line":64,"column":14}}},"fnMap":{"0":{"name":"(anonymous_0)","decl":{"start":{"line":1,"column":17},"end":{"line":1,"column":18}},"loc":{"start":{"line":1,"column":53},"end":{"line":11,"column":1}},"line":1},"1":{"name":"formatEmoji","decl":{"start":{"line":20,"column":9},"end":{"line":20,"column":20}},"loc":{"start":{"line":20,"column":28},"end":{"line":22,"column":1}},"line":20},"2":{"name":"dueEmoji","decl":{"start":{"line":24,"column":9},"end":{"line":24,"column":17}},"loc":{"start":{"line":24,"column":26},"end":{"line":33,"column":1}},"line":24},"3":{"name":"recentEmoji","decl":{"start":{"line":35,"column":9},"end":{"line":35,"column":20}},"loc":{"start":{"line":35,"column":29},"end":{"line":44,"column":1}},"line":35},"4":{"name":"wipEmoji","decl":{"start":{"line":46,"column":9},"end":{"line":46,"column":17}},"loc":{"start":{"line":46,"column":26},"end":{"line":57,"column":1}},"line":46},"5":{"name":"cardTotal","decl":{"start":{"line":59,"column":9},"end":{"line":59,"column":18}},"loc":{"start":{"line":59,"column":27},"end":{"line":65,"column":1}},"line":59},"6":{"name":"(anonymous_6)","decl":{"start":{"line":61,"column":30},"end":{"line":61,"column":31}},"loc":{"start":{"line":61,"column":40},"end":{"line":63,"column":3}},"line":61}},"branchMap":{"0":{"loc":{"start":{"line":27,"column":2},"end":{"line":31,"column":3}},"type":"if","locations":[{"start":{"line":27,"column":2},"end":{"line":31,"column":3}},{"start":{"line":27,"column":2},"end":{"line":31,"column":3}}],"line":27},"1":{"loc":{"start":{"line":29,"column":9},"end":{"line":31,"column":3}},"type":"if","locations":[{"start":{"line":29,"column":9},"end":{"line":31,"column":3}},{"start":{"line":29,"column":9},"end":{"line":31,"column":3}}],"line":29},"2":{"loc":{"start":{"line":38,"column":2},"end":{"line":42,"column":3}},"type":"if","locations":[{"start":{"line":38,"column":2},"end":{"line":42,"column":3}},{"start":{"line":38,"column":2},"end":{"line":42,"column":3}}],"line":38},"3":{"loc":{"start":{"line":40,"column":9},"end":{"line":42,"column":3}},"type":"if","locations":[{"start":{"line":40,"column":9},"end":{"line":42,"column":3}},{"start":{"line":40,"column":9},"end":{"line":42,"column":3}}],"line":40},"4":{"loc":{"start":{"line":49,"column":2},"end":{"line":55,"column":3}},"type":"if","locations":[{"start":{"line":49,"column":2},"end":{"line":55,"column":3}},{"start":{"line":49,"column":2},"end":{"line":55,"column":3}}],"line":49},"5":{"loc":{"start":{"line":51,"column":9},"end":{"line":55,"column":3}},"type":"if","locations":[{"start":{"line":51,"column":9},"end":{"line":55,"column":3}},{"start":{"line":51,"column":9},"end":{"line":55,"column":3}}],"line":51},"6":{"loc":{"start":{"line":53,"column":9},"end":{"line":55,"column":3}},"type":"if","locations":[{"start":{"line":53,"column":9},"end":{"line":55,"column":3}},{"start":{"line":53,"column":9},"end":{"line":55,"column":3}}],"line":53}},"s":{"0":5,"1":229,"2":5,"3":687,"4":229,"5":229,"6":229,"7":50,"8":179,"9":179,"10":229,"11":229,"12":229,"13":229,"14":0,"15":229,"16":229,"17":229,"18":229,"19":229,"20":229,"21":0,"22":229,"23":229,"24":0,"25":0,"26":229,"27":229,"28":229,"29":1374,"30":229},"f":{"0":229,"1":687,"2":229,"3":229,"4":229,"5":229,"6":1374},"b":{"0":[50,179],"1":[179,0],"2":[0,229],"3":[229,0],"4":[0,229],"5":[229,0],"6":[0,0]},"_coverageSchema":"1a1c01bbd47fc00a2c39e90264f33305004495a9","hash":"cc5aef4fd6945669d662d5d96da727d204db5f9f","contentHash":"a9e6b1a626a65bcb584ed2fb51ec2d33c496d333dbb53745e88c5c9f150ded2f"}}